{"meta": {"format": 3, "version": "7.15.2", "timestamp": "2026-08-18T19:02:25.990402", "branch_coverage": false, "show_contexts": false}, "files": {"src/codeagent/__init__.py": {"executed_lines": [2, 4], "summary": {"covered_lines": 2, "num_statements": 2, "percent_covered": 100.0, "percent_covered_display": "100", "missing_lines": 0, "excluded_lines": 0, "percent_statements_covered": 100.0, "percent_statements_covered_display": "100"}, "missing_lines": [], "excluded_lines": [], "functions": {"": {"executed_lines": [2, 4], "summary": {"covered_lines": 2, "num_statements": 2, "percent_covered": 100.0, "percent_covered_display": "100", "missing_lines": 0, "excluded_lines": 0, "percent_statements_covered": 100.0, "percent_statements_covered_display": "100"}, "missing_lines": [], "excluded_lines": [], "start_line": 1}}, "classes": {"": {"executed_lines": [2, 4], "summary": {"covered_lines": 2, "num_statements": 2, "percent_covered": 100.0, "percent_covered_display": "100", "missing_lines": 0, "excluded_lines": 0, "percent_statements_covered": 100.0, "percent_statements_covered_display": "100"}, "missing_lines": [], "excluded_lines": [], "start_line": 1}}}, "src/codeagent/adapters/__init__.py": {"executed_lines": [], "summary": {"covered_lines": 0, "num_statements": 24, "percent_covered": 0.0, "percent_covered_display": "0", "missing_lines": 24, "excluded_lines": 0, "percent_statements_covered": 0.0, "percent_statements_covered_display": "0"}, "missing_lines": [6, 8, 9, 10, 11, 14, 22, 23, 24, 26, 27, 28, 29, 30, 31, 33, 34, 35, 39, 42, 44, 45, 46, 47], "excluded_lines": [], "functions": {"register_identity": {"executed_lines": [], "summary": {"covered_lines": 0, "num_statements": 13, "percent_covered": 0.0, "percent_covered_display": "0", "missing_lines": 13, "excluded_lines": 0, "percent_statements_covered": 0.0, "percent_statements_covered_display": "0"}, "missing_lines": [22, 23, 24, 26, 27, 28, 29, 30, 31, 33, 34, 35, 39], "excluded_lines": [], "start_line": 14}, "unregister_identity": {"executed_lines": [], "summary": {"covered_lines": 0, "num_statements": 4, "percent_covered": 0.0, "percent_covered_display": "0", "missing_lines": 4, "excluded_lines": 0, "percent_statements_covered": 0.0, "percent_statements_covered_display": "0"}, "missing_lines": [44, 45, 46, 47], "excluded_lines": [], "start_line": 42}, "": {"executed_lines": [], "summary": {"covered_lines": 0, "num_statements": 7, "percent_covered": 0.0, "percent_covered_display": "0", "missing_lines": 7, "excluded_lines": 0, "percent_statements_covered": 0.0, "percent_statements_covered_display": "0"}, "missing_lines": [6, 8, 9, 10, 11, 14, 42], "excluded_lines": [], "start_line": 1}}, "classes": {"": {"executed_lines": [], "summary": {"covered_lines": 0, "num_statements": 24, "percent_covered": 0.0, "percent_covered_display": "0", "missing_lines": 24, "excluded_lines": 0, "percent_statements_covered": 0.0, "percent_statements_covered_display": "0"}, "missing_lines": [6, 8, 9, 10, 11, 14, 22, 23, 24, 26, 27, 28, 29, 30, 31, 33, 34, 35, 39, 42, 44, 45, 46, 47], "excluded_lines": [], "start_line": 1}}}, "src/codeagent/artifact.py": {"executed_lines": [8, 10, 11, 12, 13, 14, 15, 16, 18, 19, 20, 22, 25, 26, 32, 33, 34, 35, 36, 42, 78, 140], "summary": {"covered_lines": 22, "num_statements": 72, "percent_covered": 30.555555555555557, "percent_covered_display": "31", "missing_lines": 50, "excluded_lines": 0, "percent_statements_covered": 30.555555555555557, "percent_statements_covered_display": "31"}, "missing_lines": [47, 50, 51, 54, 55, 58, 59, 60, 63, 64, 65, 66, 67, 68, 71, 72, 96, 98, 99, 100, 105, 106, 108, 109, 110, 112, 121, 122, 124, 125, 130, 133, 134, 145, 146, 148, 149, 150, 155, 156, 157, 158, 159, 160, 161, 162, 164, 165, 166, 171], "excluded_lines": [], "functions": {"validate_descriptor": {"executed_lines": [], "summary": {"covered_lines": 0, "num_statements": 16, "percent_covered": 0.0, "percent_covered_display": "0", "missing_lines": 16, "excluded_lines": 0, "percent_statements_covered": 0.0, "percent_statements_covered_display": "0"}, "missing_lines": [47, 50, 51, 54, 55, 58, 59, 60, 63, 64, 65, 66, 67, 68, 71, 72], "excluded_lines": [], "start_line": 42}, "pull_artifact": {"executed_lines": [], "summary": {"covered_lines": 0, "num_statements": 17, "percent_covered": 0.0, "percent_covered_display": "0", "missing_lines": 17, "excluded_lines": 0, "percent_statements_covered": 0.0, "percent_statements_covered_display": "0"}, "missing_lines": [96, 98, 99, 100, 105, 106, 108, 109, 110, 112, 121, 122, 124, 125, 130, 133, 134], "excluded_lines": [], "start_line": 78}, "verify_artifact": {"executed_lines": [], "summary": {"covered_lines": 0, "num_statements": 17, "percent_covered": 0.0, "percent_covered_display": "0", "missing_lines": 17, "excluded_lines": 0, "percent_statements_covered": 0.0, "percent_statements_covered_display": "0"}, "missing_lines": [145, 146, 148, 149, 150, 155, 156, 157, 158, 159, 160, 161, 162, 164, 165, 166, 171], "excluded_lines": [], "start_line": 140}, "": {"executed_lines": [8, 10, 11, 12, 13, 14, 15, 16, 18, 19, 20, 22, 25, 26, 32, 33, 34, 35, 36, 42, 78, 140], "summary": {"covered_lines": 22, "num_statements": 22, "percent_covered": 100.0, "percent_covered_display": "100", "missing_lines": 0, "excluded_lines": 0, "percent_statements_covered": 100.0, "percent_statements_covered_display": "100"}, "missing_lines": [], "excluded_lines": [], "start_line": 1}}, "classes": {"ArtifactDescriptor": {"executed_lines": [], "summary": {"covered_lines": 0, "num_statements": 0, "percent_covered": 100.0, "percent_covered_display": "100", "missing_lines": 0, "excluded_lines": 0, "percent_statements_covered": 100.0, "percent_statements_covered_display": "100"}, "missing_lines": [], "excluded_lines": [], "start_line": 26}, "": {"executed_lines": [8, 10, 11, 12, 13, 14, 15, 16, 18, 19, 20, 22, 25, 26, 32, 33, 34, 35, 36, 42, 78, 140], "summary": {"covered_lines": 22, "num_statements": 72, "percent_covered": 30.555555555555557, "percent_covered_display": "31", "missing_lines": 50, "excluded_lines": 0, "percent_statements_covered": 30.555555555555557, "percent_statements_covered_display": "31"}, "missing_lines": [47, 50, 51, 54, 55, 58, 59, 60, 63, 64, 65, 66, 67, 68, 71, 72, 96, 98, 99, 100, 105, 106, 108, 109, 110, 112, 121, 122, 124, 125, 130, 133, 134, 145, 146, 148, 149, 150, 155, 156, 157, 158, 159, 160, 161, 162, 164, 165, 166, 171], "excluded_lines": [], "start_line": 1}}}, "src/codeagent/cli.py": {"executed_lines": [2, 4, 5, 6, 8, 9, 10, 11, 12, 13, 14, 15, 16, 17, 19, 20, 21, 29, 30, 31, 32, 33, 34, 35, 36, 37, 38, 40, 42, 45, 50, 58, 65, 67, 68, 77, 426, 601, 631, 641, 687, 715, 750, 768, 778, 801, 820, 834, 847, 860, 870, 904, 936, 966, 1027, 1216, 1311, 1326, 1328, 1329, 1333, 1334, 1335, 1336, 1339, 1346, 1359, 1373, 1382, 1390, 1394, 1397, 1405, 1407, 1408, 1410, 1411, 1412, 1422, 1447, 1464, 1469, 1587, 1646, 1714, 1777, 1791, 1935, 1965, 1992, 2072, 2208, 2247, 2267, 2277, 2300, 2306, 2307, 2308, 2315, 2317, 2332, 2333, 2336, 2350, 2355, 2356, 2359, 2401, 2429, 2470], "summary": {"covered_lines": 111, "num_statements": 1443, "percent_covered": 7.6923076923076925, "percent_covered_display": "8", "missing_lines": 1332, "excluded_lines": 0, "percent_statements_covered": 7.6923076923076925, "percent_statements_covered_display": "8"}, "missing_lines": [47, 52, 53, 54, 55, 66, 69, 70, 71, 72, 73, 74, 78, 79, 81, 84, 85, 86, 87, 88, 89, 90, 91, 92, 93, 94, 95, 96, 97, 100, 101, 105, 109, 114, 116, 117, 118, 119, 120, 121, 122, 123, 126, 127, 128, 129, 130, 131, 132, 133, 134, 135, 136, 137, 138, 139, 140, 141, 143, 145, 148, 149, 150, 151, 152, 153, 154, 155, 156, 157, 158, 159, 162, 163, 164, 166, 168, 172, 173, 174, 175, 176, 177, 178, 181, 182, 183, 184, 186, 187, 189, 190, 191, 192, 193, 194, 195, 196, 197, 199, 200, 201, 202, 205, 208, 209, 211, 212, 213, 215, 216, 218, 219, 220, 222, 223, 224, 225, 226, 227, 229, 230, 231, 232, 233, 234, 236, 237, 239, 240, 243, 244, 245, 246, 247, 248, 249, 250, 251, 252, 253, 254, 255, 256, 257, 258, 261, 262, 263, 264, 265, 266, 267, 270, 271, 272, 273, 275, 278, 280, 282, 283, 287, 288, 289, 290, 291, 292, 293, 296, 297, 299, 300, 301, 305, 306, 307, 308, 311, 312, 313, 314, 316, 319, 320, 323, 324, 326, 327, 329, 333, 336, 337, 340, 342, 343, 344, 346, 347, 348, 352, 354, 356, 358, 361, 362, 363, 366, 368, 370, 373, 374, 375, 378, 380, 384, 385, 386, 390, 391, 392, 393, 396, 399, 404, 405, 406, 407, 412, 413, 417, 418, 420, 423, 428, 429, 432, 433, 434, 435, 436, 438, 443, 444, 445, 446, 447, 448, 450, 453, 456, 460, 461, 462, 465, 466, 467, 468, 469, 470, 471, 472, 473, 474, 475, 476, 482, 483, 484, 485, 486, 487, 488, 489, 490, 491, 492, 493, 499, 500, 501, 502, 505, 506, 507, 508, 509, 510, 511, 512, 513, 514, 520, 521, 522, 523, 524, 525, 526, 527, 528, 529, 530, 531, 532, 538, 539, 540, 541, 542, 545, 546, 547, 548, 549, 552, 553, 554, 557, 558, 559, 560, 561, 564, 565, 567, 568, 569, 571, 572, 574, 575, 578, 579, 581, 582, 583, 585, 586, 589, 590, 591, 593, 595, 597, 609, 611, 612, 614, 615, 616, 617, 621, 622, 623, 624, 625, 626, 628, 633, 634, 635, 636, 637, 638, 643, 644, 645, 646, 648, 650, 651, 652, 653, 654, 655, 656, 657, 658, 659, 660, 661, 662, 663, 664, 665, 666, 667, 668, 669, 670, 671, 672, 673, 674, 675, 676, 677, 678, 680, 681, 682, 683, 684, 688, 689, 690, 691, 693, 694, 695, 696, 697, 698, 699, 705, 706, 712, 716, 717, 718, 726, 727, 728, 729, 730, 731, 732, 733, 734, 740, 741, 742, 743, 744, 745, 746, 747, 752, 753, 754, 755, 765, 769, 770, 771, 775, 783, 784, 785, 786, 787, 788, 789, 790, 791, 792, 793, 794, 795, 796, 797, 798, 802, 803, 804, 806, 807, 810, 811, 817, 821, 822, 823, 824, 825, 828, 829, 830, 831, 835, 836, 837, 838, 841, 842, 843, 844, 848, 849, 850, 851, 854, 855, 856, 857, 861, 862, 867, 878, 883, 884, 885, 886, 887, 888, 889, 890, 892, 893, 898, 899, 900, 901, 905, 906, 907, 908, 909, 911, 912, 913, 914, 915, 916, 917, 918, 919, 920, 921, 922, 923, 933, 938, 941, 942, 943, 944, 945, 946, 947, 948, 949, 951, 952, 953, 954, 955, 956, 957, 958, 959, 960, 961, 962, 963, 968, 969, 970, 971, 973, 974, 975, 976, 977, 979, 981, 982, 983, 984, 985, 987, 988, 989, 991, 992, 993, 994, 996, 997, 998, 999, 1001, 1002, 1003, 1004, 1005, 1006, 1007, 1008, 1010, 1011, 1012, 1013, 1014, 1015, 1016, 1018, 1019, 1020, 1021, 1023, 1024, 1033, 1034, 1035, 1036, 1038, 1039, 1040, 1043, 1044, 1045, 1046, 1047, 1048, 1049, 1050, 1051, 1052, 1053, 1054, 1055, 1056, 1057, 1058, 1059, 1060, 1063, 1070, 1071, 1072, 1073, 1074, 1075, 1076, 1077, 1078, 1079, 1080, 1081, 1084, 1085, 1086, 1087, 1099, 1100, 1101, 1102, 1103, 1104, 1105, 1106, 1107, 1108, 1109, 1110, 1112, 1120, 1121, 1123, 1126, 1127, 1128, 1129, 1130, 1131, 1132, 1133, 1134, 1135, 1136, 1137, 1138, 1139, 1140, 1141, 1142, 1143, 1144, 1145, 1147, 1153, 1154, 1156, 1162, 1164, 1165, 1166, 1167, 1168, 1169, 1170, 1173, 1174, 1175, 1176, 1177, 1178, 1181, 1183, 1184, 1187, 1188, 1189, 1190, 1191, 1193, 1194, 1199, 1201, 1202, 1203, 1209, 1211, 1213, 1226, 1227, 1229, 1231, 1233, 1234, 1235, 1236, 1237, 1238, 1241, 1245, 1246, 1247, 1248, 1249, 1251, 1252, 1253, 1254, 1255, 1256, 1257, 1258, 1259, 1264, 1269, 1270, 1271, 1272, 1274, 1275, 1278, 1279, 1280, 1285, 1286, 1287, 1296, 1297, 1298, 1299, 1301, 1303, 1305, 1306, 1308, 1406, 1413, 1414, 1415, 1416, 1417, 1418, 1419, 1423, 1424, 1425, 1426, 1431, 1432, 1433, 1436, 1437, 1440, 1441, 1444, 1454, 1455, 1456, 1457, 1458, 1459, 1460, 1461, 1466, 1477, 1479, 1495, 1496, 1498, 1499, 1500, 1501, 1502, 1503, 1505, 1506, 1507, 1512, 1513, 1514, 1519, 1522, 1523, 1524, 1525, 1530, 1531, 1534, 1535, 1538, 1541, 1542, 1543, 1544, 1545, 1549, 1551, 1552, 1553, 1555, 1556, 1557, 1558, 1559, 1560, 1561, 1562, 1563, 1564, 1565, 1566, 1567, 1568, 1569, 1571, 1572, 1573, 1574, 1576, 1577, 1584, 1593, 1595, 1596, 1601, 1604, 1605, 1606, 1607, 1608, 1609, 1610, 1611, 1612, 1613, 1614, 1615, 1616, 1617, 1618, 1619, 1620, 1621, 1622, 1623, 1624, 1625, 1626, 1627, 1628, 1629, 1631, 1632, 1638, 1639, 1640, 1642, 1643, 1656, 1658, 1659, 1668, 1669, 1670, 1671, 1672, 1673, 1674, 1675, 1676, 1677, 1678, 1679, 1680, 1681, 1682, 1683, 1684, 1685, 1686, 1687, 1688, 1689, 1690, 1691, 1692, 1693, 1695, 1698, 1706, 1708, 1709, 1710, 1711, 1719, 1721, 1722, 1730, 1731, 1732, 1733, 1734, 1735, 1736, 1737, 1738, 1739, 1740, 1741, 1742, 1743, 1744, 1745, 1746, 1747, 1748, 1749, 1750, 1751, 1752, 1753, 1754, 1755, 1757, 1760, 1768, 1770, 1771, 1772, 1773, 1774, 1779, 1792, 1793, 1796, 1797, 1798, 1806, 1808, 1809, 1810, 1811, 1814, 1815, 1816, 1817, 1818, 1819, 1820, 1829, 1831, 1832, 1833, 1834, 1835, 1836, 1837, 1840, 1841, 1842, 1843, 1844, 1845, 1846, 1848, 1849, 1850, 1851, 1852, 1855, 1856, 1858, 1873, 1876, 1877, 1878, 1883, 1886, 1887, 1888, 1890, 1891, 1892, 1893, 1897, 1898, 1901, 1902, 1905, 1906, 1907, 1908, 1909, 1910, 1911, 1912, 1913, 1914, 1915, 1917, 1918, 1920, 1921, 1922, 1923, 1924, 1925, 1932, 1936, 1938, 1939, 1940, 1941, 1942, 1944, 1945, 1946, 1947, 1948, 1949, 1950, 1952, 1953, 1954, 1955, 1957, 1958, 1959, 1960, 1962, 1966, 1968, 1969, 1970, 1971, 1972, 1973, 1975, 1976, 1977, 1978, 1979, 1980, 1982, 1983, 1984, 1985, 1986, 1987, 1989, 1994, 1995, 1996, 1997, 1998, 2001, 2002, 2003, 2004, 2005, 2006, 2007, 2008, 2009, 2010, 2011, 2012, 2013, 2014, 2015, 2016, 2017, 2019, 2020, 2022, 2024, 2025, 2026, 2027, 2028, 2029, 2030, 2031, 2032, 2033, 2035, 2036, 2039, 2040, 2042, 2043, 2044, 2045, 2046, 2047, 2049, 2050, 2052, 2053, 2054, 2055, 2056, 2057, 2060, 2062, 2065, 2066, 2067, 2068, 2069, 2074, 2075, 2076, 2078, 2079, 2081, 2082, 2083, 2085, 2086, 2087, 2088, 2091, 2093, 2094, 2095, 2096, 2097, 2098, 2099, 2101, 2102, 2103, 2104, 2119, 2120, 2121, 2123, 2124, 2125, 2126, 2127, 2128, 2129, 2130, 2132, 2134, 2135, 2136, 2142, 2143, 2150, 2151, 2152, 2157, 2158, 2159, 2160, 2161, 2163, 2164, 2165, 2167, 2168, 2169, 2178, 2179, 2180, 2182, 2183, 2185, 2186, 2187, 2189, 2190, 2191, 2193, 2194, 2195, 2196, 2198, 2199, 2200, 2201, 2203, 2205, 2210, 2211, 2218, 2219, 2225, 2226, 2227, 2228, 2229, 2231, 2232, 2233, 2238, 2239, 2240, 2241, 2242, 2244, 2249, 2251, 2252, 2253, 2254, 2255, 2264, 2269, 2271, 2272, 2273, 2274, 2279, 2280, 2282, 2283, 2284, 2285, 2286, 2287, 2288, 2289, 2290, 2291, 2292, 2293, 2294, 2295, 2296, 2297, 2334, 2335, 2361, 2363, 2364, 2365, 2366, 2368, 2370, 2371, 2372, 2373, 2374, 2375, 2376, 2377, 2379, 2380, 2381, 2382, 2383, 2384, 2385, 2386, 2388, 2389, 2390, 2391, 2392, 2393, 2394, 2395, 2397, 2398, 2408, 2409, 2410, 2412, 2413, 2414, 2415, 2416, 2417, 2419, 2420, 2421, 2422, 2423, 2424, 2425, 2426, 2430, 2431, 2433, 2434, 2435, 2437, 2455, 2457, 2458, 2459, 2460, 2461, 2462, 2463, 2464, 2465, 2466, 2467, 2471], "excluded_lines": [], "functions": {"_get_transport": {"executed_lines": [], "summary": {"covered_lines": 0, "num_statements": 1, "percent_covered": 0.0, "percent_covered_display": "0", "missing_lines": 1, "excluded_lines": 0, "percent_statements_covered": 0.0, "percent_statements_covered_display": "0"}, "missing_lines": [47], "excluded_lines": [], "start_line": 45}, "_positive_int": {"executed_lines": [], "summary": {"covered_lines": 0, "num_statements": 4, "percent_covered": 0.0, "percent_covered_display": "0", "missing_lines": 4, "excluded_lines": 0, "percent_statements_covered": 0.0, "percent_statements_covered_display": "0"}, "missing_lines": [52, 53, 54, 55], "excluded_lines": [], "start_line": 50}, "_is_oracle_agent": {"executed_lines": [65, 67, 68], "summary": {"covered_lines": 3, "num_statements": 10, "percent_covered": 30.0, "percent_covered_display": "30", "missing_lines": 7, "excluded_lines": 0, "percent_statements_covered": 30.0, "percent_statements_covered_display": "30"}, "missing_lines": [66, 69, 70, 71, 72, 73, 74], "excluded_lines": [], "start_line": 58}, "_build_parser": {"executed_lines": [], "summary": {"covered_lines": 0, "num_statements": 222, "percent_covered": 0.0, "percent_covered_display": "0", "missing_lines": 222, "excluded_lines": 0, "percent_statements_covered": 0.0, "percent_statements_covered_display": "0"}, "missing_lines": [78, 79, 81, 84, 85, 86, 87, 88, 89, 90, 91, 92, 93, 94, 95, 96, 97, 100, 101, 105, 109, 114, 116, 117, 118, 119, 120, 121, 122, 123, 126, 127, 128, 129, 130, 131, 132, 133, 134, 135, 136, 137, 138, 139, 140, 141, 143, 145, 148, 149, 150, 151, 152, 153, 154, 155, 156, 157, 158, 159, 162, 163, 164, 166, 168, 172, 173, 174, 175, 176, 177, 178, 181, 182, 183, 184, 186, 187, 189, 190, 191, 192, 193, 194, 195, 196, 197, 199, 200, 201, 202, 205, 208, 209, 211, 212, 213, 215, 216, 218, 219, 220, 222, 223, 224, 225, 226, 227, 229, 230, 231, 232, 233, 234, 236, 237, 239, 240, 243, 244, 245, 246, 247, 248, 249, 250, 251, 252, 253, 254, 255, 256, 257, 258, 261, 262, 263, 264, 265, 266, 267, 270, 271, 272, 273, 275, 278, 280, 282, 283, 287, 288, 289, 290, 291, 292, 293, 296, 297, 299, 300, 301, 305, 306, 307, 308, 311, 312, 313, 314, 316, 319, 320, 323, 324, 326, 327, 329, 333, 336, 337, 340, 342, 343, 344, 346, 347, 348, 352, 354, 356, 358, 361, 362, 363, 366, 368, 370, 373, 374, 375, 378, 380, 384, 385, 386, 390, 391, 392, 393, 396, 399, 404, 405, 406, 407, 412, 413, 417, 418, 420, 423], "excluded_lines": [], "start_line": 77}, "_build_swarm_parser": {"executed_lines": [], "summary": {"covered_lines": 0, "num_statements": 111, "percent_covered": 0.0, "percent_covered_display": "0", "missing_lines": 111, "excluded_lines": 0, "percent_statements_covered": 0.0, "percent_statements_covered_display": "0"}, "missing_lines": [428, 429, 432, 433, 434, 435, 436, 438, 443, 444, 445, 446, 447, 448, 450, 453, 456, 460, 461, 462, 465, 466, 467, 468, 469, 470, 471, 472, 473, 474, 475, 476, 482, 483, 484, 485, 486, 487, 488, 489, 490, 491, 492, 493, 499, 500, 501, 502, 505, 506, 507, 508, 509, 510, 511, 512, 513, 514, 520, 521, 522, 523, 524, 525, 526, 527, 528, 529, 530, 531, 532, 538, 539, 540, 541, 542, 545, 546, 547, 548, 549, 552, 553, 554, 557, 558, 559, 560, 561, 564, 565, 567, 568, 569, 571, 572, 574, 575, 578, 579, 581, 582, 583, 585, 586, 589, 590, 591, 593, 595, 597], "excluded_lines": [], "start_line": 426}, "_get_swarm_kernel": {"executed_lines": [], "summary": {"covered_lines": 0, "num_statements": 14, "percent_covered": 0.0, "percent_covered_display": "0", "missing_lines": 14, "excluded_lines": 0, "percent_statements_covered": 0.0, "percent_statements_covered_display": "0"}, "missing_lines": [609, 611, 612, 614, 615, 616, 617, 621, 622, 623, 624, 625, 626, 628], "excluded_lines": [], "start_line": 601}, "_parse_attachments": {"executed_lines": [], "summary": {"covered_lines": 0, "num_statements": 6, "percent_covered": 0.0, "percent_covered_display": "0", "missing_lines": 6, "excluded_lines": 0, "percent_statements_covered": 0.0, "percent_statements_covered_display": "0"}, "missing_lines": [633, 634, 635, 636, 637, 638], "excluded_lines": [], "start_line": 631}, "_cmd_swarm": {"executed_lines": [], "summary": {"covered_lines": 0, "num_statements": 39, "percent_covered": 0.0, "percent_covered_display": "0", "missing_lines": 39, "excluded_lines": 0, "percent_statements_covered": 0.0, "percent_statements_covered_display": "0"}, "missing_lines": [643, 644, 645, 646, 648, 650, 651, 652, 653, 654, 655, 656, 657, 658, 659, 660, 661, 662, 663, 664, 665, 666, 667, 668, 669, 670, 671, 672, 673, 674, 675, 676, 677, 678, 680, 681, 682, 683, 684], "excluded_lines": [], "start_line": 641}, "_swarm_create_session": {"executed_lines": [], "summary": {"covered_lines": 0, "num_statements": 14, "percent_covered": 0.0, "percent_covered_display": "0", "missing_lines": 14, "excluded_lines": 0, "percent_statements_covered": 0.0, "percent_statements_covered_display": "0"}, "missing_lines": [688, 689, 690, 691, 693, 694, 695, 696, 697, 698, 699, 705, 706, 712], "excluded_lines": [], "start_line": 687}, "_swarm_register": {"executed_lines": [], "summary": {"covered_lines": 0, "num_statements": 20, "percent_covered": 0.0, "percent_covered_display": "0", "missing_lines": 20, "excluded_lines": 0, "percent_statements_covered": 0.0, "percent_statements_covered_display": "0"}, "missing_lines": [716, 717, 718, 726, 727, 728, 729, 730, 731, 732, 733, 734, 740, 741, 742, 743, 744, 745, 746, 747], "excluded_lines": [], "start_line": 715}, "_swarm_whoami": {"executed_lines": [], "summary": {"covered_lines": 0, "num_statements": 5, "percent_covered": 0.0, "percent_covered_display": "0", "missing_lines": 5, "excluded_lines": 0, "percent_statements_covered": 0.0, "percent_statements_covered_display": "0"}, "missing_lines": [752, 753, 754, 755, 765], "excluded_lines": [], "start_line": 750}, "_swarm_create_channel": {"executed_lines": [], "summary": {"covered_lines": 0, "num_statements": 4, "percent_covered": 0.0, "percent_covered_display": "0", "missing_lines": 4, "excluded_lines": 0, "percent_statements_covered": 0.0, "percent_statements_covered_display": "0"}, "missing_lines": [769, 770, 771, 775], "excluded_lines": [], "start_line": 768}, "_require_kind_correlation": {"executed_lines": [], "summary": {"covered_lines": 0, "num_statements": 16, "percent_covered": 0.0, "percent_covered_display": "0", "missing_lines": 16, "excluded_lines": 0, "percent_statements_covered": 0.0, "percent_statements_covered_display": "0"}, "missing_lines": [783, 784, 785, 786, 787, 788, 789, 790, 791, 792, 793, 794, 795, 796, 797, 798], "excluded_lines": [], "start_line": 778}, "_swarm_direct": {"executed_lines": [], "summary": {"covered_lines": 0, "num_statements": 8, "percent_covered": 0.0, "percent_covered_display": "0", "missing_lines": 8, "excluded_lines": 0, "percent_statements_covered": 0.0, "percent_statements_covered_display": "0"}, "missing_lines": [802, 803, 804, 806, 807, 810, 811, 817], "excluded_lines": [], "start_line": 801}, "_swarm_channel": {"executed_lines": [], "summary": {"covered_lines": 0, "num_statements": 9, "percent_covered": 0.0, "percent_covered_display": "0", "missing_lines": 9, "excluded_lines": 0, "percent_statements_covered": 0.0, "percent_statements_covered_display": "0"}, "missing_lines": [821, 822, 823, 824, 825, 828, 829, 830, 831], "excluded_lines": [], "start_line": 820}, "_swarm_broadcast": {"executed_lines": [], "summary": {"covered_lines": 0, "num_statements": 8, "percent_covered": 0.0, "percent_covered_display": "0", "missing_lines": 8, "excluded_lines": 0, "percent_statements_covered": 0.0, "percent_statements_covered_display": "0"}, "missing_lines": [835, 836, 837, 838, 841, 842, 843, 844], "excluded_lines": [], "start_line": 834}, "_swarm_notice": {"executed_lines": [], "summary": {"covered_lines": 0, "num_statements": 8, "percent_covered": 0.0, "percent_covered_display": "0", "missing_lines": 8, "excluded_lines": 0, "percent_statements_covered": 0.0, "percent_statements_covered_display": "0"}, "missing_lines": [848, 849, 850, 851, 854, 855, 856, 857], "excluded_lines": [], "start_line": 847}, "_swarm_poll": {"executed_lines": [], "summary": {"covered_lines": 0, "num_statements": 3, "percent_covered": 0.0, "percent_covered_display": "0", "missing_lines": 3, "excluded_lines": 0, "percent_statements_covered": 0.0, "percent_statements_covered_display": "0"}, "missing_lines": [861, 862, 867], "excluded_lines": [], "start_line": 860}, "_swarm_ack": {"executed_lines": [], "summary": {"covered_lines": 0, "num_statements": 15, "percent_covered": 0.0, "percent_covered_display": "0", "missing_lines": 15, "excluded_lines": 0, "percent_statements_covered": 0.0, "percent_statements_covered_display": "0"}, "missing_lines": [878, 883, 884, 885, 886, 887, 888, 889, 890, 892, 893, 898, 899, 900, 901], "excluded_lines": [], "start_line": 870}, "_swarm_status": {"executed_lines": [], "summary": {"covered_lines": 0, "num_statements": 19, "percent_covered": 0.0, "percent_covered_display": "0", "missing_lines": 19, "excluded_lines": 0, "percent_statements_covered": 0.0, "percent_statements_covered_display": "0"}, "missing_lines": [905, 906, 907, 908, 909, 911, 912, 913, 914, 915, 916, 917, 918, 919, 920, 921, 922, 923, 933], "excluded_lines": [], "start_line": 904}, "_swarm_watch": {"executed_lines": [], "summary": {"covered_lines": 0, "num_statements": 23, "percent_covered": 0.0, "percent_covered_display": "0", "missing_lines": 23, "excluded_lines": 0, "percent_statements_covered": 0.0, "percent_statements_covered_display": "0"}, "missing_lines": [938, 941, 942, 943, 944, 945, 946, 947, 948, 949, 951, 952, 953, 954, 955, 956, 957, 958, 959, 960, 961, 962, 963], "excluded_lines": [], "start_line": 936}, "_swarm_outbox": {"executed_lines": [], "summary": {"covered_lines": 0, "num_statements": 47, "percent_covered": 0.0, "percent_covered_display": "0", "missing_lines": 47, "excluded_lines": 0, "percent_statements_covered": 0.0, "percent_statements_covered_display": "0"}, "missing_lines": [968, 969, 970, 971, 973, 974, 975, 976, 977, 979, 981, 982, 983, 984, 985, 987, 988, 989, 991, 992, 993, 994, 996, 997, 998, 999, 1001, 1002, 1003, 1004, 1005, 1006, 1007, 1008, 1010, 1011, 1012, 1013, 1014, 1015, 1016, 1018, 1019, 1020, 1021, 1023, 1024], "excluded_lines": [], "start_line": 966}, "_swarm_launch": {"executed_lines": [], "summary": {"covered_lines": 0, "num_statements": 113, "percent_covered": 0.0, "percent_covered_display": "0", "missing_lines": 113, "excluded_lines": 0, "percent_statements_covered": 0.0, "percent_statements_covered_display": "0"}, "missing_lines": [1033, 1034, 1035, 1036, 1038, 1039, 1040, 1043, 1044, 1045, 1046, 1047, 1048, 1049, 1050, 1051, 1052, 1053, 1054, 1055, 1056, 1057, 1058, 1059, 1060, 1063, 1070, 1071, 1072, 1073, 1074, 1075, 1076, 1077, 1078, 1079, 1080, 1081, 1084, 1085, 1086, 1087, 1099, 1100, 1101, 1102, 1103, 1104, 1105, 1106, 1107, 1108, 1109, 1110, 1112, 1120, 1121, 1123, 1126, 1127, 1128, 1129, 1130, 1131, 1132, 1133, 1134, 1135, 1136, 1137, 1138, 1139, 1140, 1141, 1142, 1143, 1144, 1145, 1147, 1153, 1154, 1156, 1162, 1164, 1165, 1166, 1167, 1168, 1169, 1170, 1173, 1174, 1175, 1176, 1177, 1178, 1181, 1183, 1184, 1187, 1188, 1189, 1190, 1191, 1193, 1194, 1199, 1201, 1202, 1203, 1209, 1211, 1213], "excluded_lines": [], "start_line": 1027}, "_execute": {"executed_lines": [], "summary": {"covered_lines": 0, "num_statements": 7, "percent_covered": 0.0, "percent_covered_display": "0", "missing_lines": 7, "excluded_lines": 0, "percent_statements_covered": 0.0, "percent_statements_covered_display": "0"}, "missing_lines": [1226, 1227, 1229, 1231, 1305, 1306, 1308], "excluded_lines": [], "start_line": 1216}, "_execute._run": {"executed_lines": [], "summary": {"covered_lines": 0, "num_statements": 40, "percent_covered": 0.0, "percent_covered_display": "0", "missing_lines": 40, "excluded_lines": 0, "percent_statements_covered": 0.0, "percent_statements_covered_display": "0"}, "missing_lines": [1233, 1234, 1235, 1236, 1237, 1238, 1241, 1245, 1246, 1247, 1248, 1249, 1251, 1252, 1253, 1254, 1255, 1256, 1257, 1258, 1259, 1264, 1269, 1270, 1271, 1272, 1274, 1275, 1278, 1279, 1280, 1285, 1286, 1287, 1296, 1297, 1298, 1299, 1301, 1303], "excluded_lines": [], "start_line": 1231}, "_bootstrap_oracle_swarm": {"executed_lines": [1326, 1328, 1329, 1333, 1334, 1335, 1336, 1339, 1346, 1359, 1373, 1382, 1390, 1394], "summary": {"covered_lines": 14, "num_statements": 14, "percent_covered": 100.0, "percent_covered_display": "100", "missing_lines": 0, "excluded_lines": 0, "percent_statements_covered": 100.0, "percent_statements_covered_display": "100"}, "missing_lines": [], "excluded_lines": [], "start_line": 1311}, "_resolve_agent_backend": {"executed_lines": [1405, 1407, 1408, 1410, 1411, 1412], "summary": {"covered_lines": 6, "num_statements": 14, "percent_covered": 42.857142857142854, "percent_covered_display": "43", "missing_lines": 8, "excluded_lines": 0, "percent_statements_covered": 42.857142857142854, "percent_statements_covered_display": "43"}, "missing_lines": [1406, 1413, 1414, 1415, 1416, 1417, 1418, 1419], "excluded_lines": [], "start_line": 1397}, "_cmd_run": {"executed_lines": [], "summary": {"covered_lines": 0, "num_statements": 12, "percent_covered": 0.0, "percent_covered_display": "0", "missing_lines": 12, "excluded_lines": 0, "percent_statements_covered": 0.0, "percent_statements_covered_display": "0"}, "missing_lines": [1423, 1424, 1425, 1426, 1431, 1432, 1433, 1436, 1437, 1440, 1441, 1444], "excluded_lines": [], "start_line": 1422}, "_run_bg_child": {"executed_lines": [], "summary": {"covered_lines": 0, "num_statements": 8, "percent_covered": 0.0, "percent_covered_display": "0", "missing_lines": 8, "excluded_lines": 0, "percent_statements_covered": 0.0, "percent_statements_covered_display": "0"}, "missing_lines": [1454, 1455, 1456, 1457, 1458, 1459, 1460, 1461], "excluded_lines": [], "start_line": 1447}, "_run_sync": {"executed_lines": [], "summary": {"covered_lines": 0, "num_statements": 1, "percent_covered": 0.0, "percent_covered_display": "0", "missing_lines": 1, "excluded_lines": 0, "percent_statements_covered": 0.0, "percent_statements_covered_display": "0"}, "missing_lines": [1466], "excluded_lines": [], "start_line": 1464}, "_run_sync_result": {"executed_lines": [], "summary": {"covered_lines": 0, "num_statements": 57, "percent_covered": 0.0, "percent_covered_display": "0", "missing_lines": 57, "excluded_lines": 0, "percent_statements_covered": 0.0, "percent_statements_covered_display": "0"}, "missing_lines": [1477, 1479, 1495, 1496, 1498, 1499, 1500, 1501, 1502, 1503, 1505, 1506, 1507, 1512, 1513, 1514, 1519, 1522, 1523, 1524, 1525, 1530, 1531, 1534, 1535, 1538, 1541, 1542, 1543, 1544, 1545, 1549, 1551, 1552, 1553, 1555, 1556, 1557, 1558, 1559, 1560, 1561, 1562, 1563, 1564, 1565, 1566, 1567, 1568, 1569, 1571, 1572, 1573, 1574, 1576, 1577, 1584], "excluded_lines": [], "start_line": 1469}, "_run_in_tmux": {"executed_lines": [], "summary": {"covered_lines": 0, "num_statements": 37, "percent_covered": 0.0, "percent_covered_display": "0", "missing_lines": 37, "excluded_lines": 0, "percent_statements_covered": 0.0, "percent_statements_covered_display": "0"}, "missing_lines": [1593, 1595, 1596, 1601, 1604, 1605, 1606, 1607, 1608, 1609, 1610, 1611, 1612, 1613, 1614, 1615, 1616, 1617, 1618, 1619, 1620, 1621, 1622, 1623, 1624, 1625, 1626, 1627, 1628, 1629, 1631, 1632, 1638, 1639, 1640, 1642, 1643], "excluded_lines": [], "start_line": 1587}, "_run_in_background": {"executed_lines": [], "summary": {"covered_lines": 0, "num_statements": 36, "percent_covered": 0.0, "percent_covered_display": "0", "missing_lines": 36, "excluded_lines": 0, "percent_statements_covered": 0.0, "percent_statements_covered_display": "0"}, "missing_lines": [1656, 1658, 1659, 1668, 1669, 1670, 1671, 1672, 1673, 1674, 1675, 1676, 1677, 1678, 1679, 1680, 1681, 1682, 1683, 1684, 1685, 1686, 1687, 1688, 1689, 1690, 1691, 1692, 1693, 1695, 1698, 1706, 1708, 1709, 1710, 1711], "excluded_lines": [], "start_line": 1646}, "_route_in_background": {"executed_lines": [], "summary": {"covered_lines": 0, "num_statements": 37, "percent_covered": 0.0, "percent_covered_display": "0", "missing_lines": 37, "excluded_lines": 0, "percent_statements_covered": 0.0, "percent_statements_covered_display": "0"}, "missing_lines": [1719, 1721, 1722, 1730, 1731, 1732, 1733, 1734, 1735, 1736, 1737, 1738, 1739, 1740, 1741, 1742, 1743, 1744, 1745, 1746, 1747, 1748, 1749, 1750, 1751, 1752, 1753, 1754, 1755, 1757, 1760, 1768, 1770, 1771, 1772, 1773, 1774], "excluded_lines": [], "start_line": 1714}, "_build_route_prompt": {"executed_lines": [], "summary": {"covered_lines": 0, "num_statements": 1, "percent_covered": 0.0, "percent_covered_display": "0", "missing_lines": 1, "excluded_lines": 0, "percent_statements_covered": 0.0, "percent_statements_covered_display": "0"}, "missing_lines": [1779], "excluded_lines": [], "start_line": 1777}, "_cmd_route": {"executed_lines": [], "summary": {"covered_lines": 0, "num_statements": 76, "percent_covered": 0.0, "percent_covered_display": "0", "missing_lines": 76, "excluded_lines": 0, "percent_statements_covered": 0.0, "percent_statements_covered_display": "0"}, "missing_lines": [1792, 1793, 1796, 1797, 1798, 1806, 1808, 1809, 1810, 1811, 1814, 1815, 1816, 1817, 1818, 1819, 1820, 1829, 1831, 1832, 1833, 1834, 1835, 1836, 1837, 1840, 1841, 1842, 1843, 1844, 1845, 1846, 1848, 1849, 1850, 1851, 1852, 1855, 1856, 1858, 1873, 1876, 1877, 1878, 1883, 1886, 1887, 1888, 1890, 1891, 1892, 1893, 1897, 1898, 1901, 1902, 1905, 1906, 1907, 1908, 1909, 1910, 1911, 1912, 1913, 1914, 1915, 1917, 1918, 1920, 1921, 1922, 1923, 1924, 1925, 1932], "excluded_lines": [], "start_line": 1791}, "_cmd_sessions": {"executed_lines": [], "summary": {"covered_lines": 0, "num_statements": 22, "percent_covered": 0.0, "percent_covered_display": "0", "missing_lines": 22, "excluded_lines": 0, "percent_statements_covered": 0.0, "percent_statements_covered_display": "0"}, "missing_lines": [1936, 1938, 1939, 1940, 1941, 1942, 1944, 1945, 1946, 1947, 1948, 1949, 1950, 1952, 1953, 1954, 1955, 1957, 1958, 1959, 1960, 1962], "excluded_lines": [], "start_line": 1935}, "_cmd_ssh": {"executed_lines": [], "summary": {"covered_lines": 0, "num_statements": 20, "percent_covered": 0.0, "percent_covered_display": "0", "missing_lines": 20, "excluded_lines": 0, "percent_statements_covered": 0.0, "percent_statements_covered_display": "0"}, "missing_lines": [1966, 1968, 1969, 1970, 1971, 1972, 1973, 1975, 1976, 1977, 1978, 1979, 1980, 1982, 1983, 1984, 1985, 1986, 1987, 1989], "excluded_lines": [], "start_line": 1965}, "_cmd_mailbox": {"executed_lines": [], "summary": {"covered_lines": 0, "num_statements": 60, "percent_covered": 0.0, "percent_covered_display": "0", "missing_lines": 60, "excluded_lines": 0, "percent_statements_covered": 0.0, "percent_statements_covered_display": "0"}, "missing_lines": [1994, 1995, 1996, 1997, 1998, 2001, 2002, 2003, 2004, 2005, 2006, 2007, 2008, 2009, 2010, 2011, 2012, 2013, 2014, 2015, 2016, 2017, 2019, 2020, 2022, 2024, 2025, 2026, 2027, 2028, 2029, 2030, 2031, 2032, 2033, 2035, 2036, 2039, 2040, 2042, 2043, 2044, 2045, 2046, 2047, 2049, 2050, 2052, 2053, 2054, 2055, 2056, 2057, 2060, 2062, 2065, 2066, 2067, 2068, 2069], "excluded_lines": [], "start_line": 1992}, "_cmd_park": {"executed_lines": [], "summary": {"covered_lines": 0, "num_statements": 76, "percent_covered": 0.0, "percent_covered_display": "0", "missing_lines": 76, "excluded_lines": 0, "percent_statements_covered": 0.0, "percent_statements_covered_display": "0"}, "missing_lines": [2074, 2075, 2076, 2078, 2079, 2081, 2082, 2083, 2085, 2086, 2087, 2088, 2091, 2093, 2094, 2095, 2096, 2097, 2098, 2099, 2101, 2102, 2103, 2104, 2119, 2120, 2121, 2123, 2124, 2125, 2126, 2127, 2128, 2129, 2130, 2132, 2134, 2135, 2136, 2142, 2143, 2150, 2151, 2152, 2157, 2158, 2159, 2160, 2161, 2163, 2164, 2165, 2167, 2168, 2169, 2178, 2179, 2180, 2182, 2183, 2185, 2186, 2187, 2189, 2190, 2191, 2193, 2194, 2195, 2196, 2198, 2199, 2200, 2201, 2203, 2205], "excluded_lines": [], "start_line": 2072}, "_cmd_artifact": {"executed_lines": [], "summary": {"covered_lines": 0, "num_statements": 18, "percent_covered": 0.0, "percent_covered_display": "0", "missing_lines": 18, "excluded_lines": 0, "percent_statements_covered": 0.0, "percent_statements_covered_display": "0"}, "missing_lines": [2210, 2211, 2218, 2219, 2225, 2226, 2227, 2228, 2229, 2231, 2232, 2233, 2238, 2239, 2240, 2241, 2242, 2244], "excluded_lines": [], "start_line": 2208}, "_cmd_gateway": {"executed_lines": [], "summary": {"covered_lines": 0, "num_statements": 7, "percent_covered": 0.0, "percent_covered_display": "0", "missing_lines": 7, "excluded_lines": 0, "percent_statements_covered": 0.0, "percent_statements_covered_display": "0"}, "missing_lines": [2249, 2251, 2252, 2253, 2254, 2255, 2264], "excluded_lines": [], "start_line": 2247}, "_cmd_events": {"executed_lines": [], "summary": {"covered_lines": 0, "num_statements": 5, "percent_covered": 0.0, "percent_covered_display": "0", "missing_lines": 5, "excluded_lines": 0, "percent_statements_covered": 0.0, "percent_statements_covered_display": "0"}, "missing_lines": [2269, 2271, 2272, 2273, 2274], "excluded_lines": [], "start_line": 2267}, "_cmd_runtime": {"executed_lines": [], "summary": {"covered_lines": 0, "num_statements": 18, "percent_covered": 0.0, "percent_covered_display": "0", "missing_lines": 18, "excluded_lines": 0, "percent_statements_covered": 0.0, "percent_statements_covered_display": "0"}, "missing_lines": [2279, 2280, 2282, 2283, 2284, 2285, 2286, 2287, 2288, 2289, 2290, 2291, 2292, 2293, 2294, 2295, 2296, 2297], "excluded_lines": [], "start_line": 2277}, "_warn_deprecated_agent": {"executed_lines": [2306, 2307, 2308], "summary": {"covered_lines": 3, "num_statements": 3, "percent_covered": 100.0, "percent_covered_display": "100", "missing_lines": 0, "excluded_lines": 0, "percent_statements_covered": 100.0, "percent_statements_covered_display": "100"}, "missing_lines": [], "excluded_lines": [], "start_line": 2300}, "_cmd_oracle": {"executed_lines": [2317, 2332, 2333, 2336, 2350, 2355, 2356], "summary": {"covered_lines": 7, "num_statements": 9, "percent_covered": 77.77777777777777, "percent_covered_display": "78", "missing_lines": 2, "excluded_lines": 0, "percent_statements_covered": 77.77777777777777, "percent_statements_covered_display": "78"}, "missing_lines": [2334, 2335], "excluded_lines": [], "start_line": 2315}, "_cmd_job": {"executed_lines": [], "summary": {"covered_lines": 0, "num_statements": 32, "percent_covered": 0.0, "percent_covered_display": "0", "missing_lines": 32, "excluded_lines": 0, "percent_statements_covered": 0.0, "percent_statements_covered_display": "0"}, "missing_lines": [2361, 2363, 2364, 2365, 2366, 2368, 2370, 2371, 2372, 2373, 2374, 2375, 2376, 2377, 2379, 2380, 2381, 2382, 2383, 2384, 2385, 2386, 2388, 2389, 2390, 2391, 2392, 2393, 2394, 2395, 2397, 2398], "excluded_lines": [], "start_line": 2359}, "_cmd_session": {"executed_lines": [], "summary": {"covered_lines": 0, "num_statements": 17, "percent_covered": 0.0, "percent_covered_display": "0", "missing_lines": 17, "excluded_lines": 0, "percent_statements_covered": 0.0, "percent_statements_covered_display": "0"}, "missing_lines": [2408, 2409, 2410, 2412, 2413, 2414, 2415, 2416, 2417, 2419, 2420, 2421, 2422, 2423, 2424, 2425, 2426], "excluded_lines": [], "start_line": 2401}, "main": {"executed_lines": [], "summary": {"covered_lines": 0, "num_statements": 18, "percent_covered": 0.0, "percent_covered_display": "0", "missing_lines": 18, "excluded_lines": 0, "percent_statements_covered": 0.0, "percent_statements_covered_display": "0"}, "missing_lines": [2430, 2431, 2433, 2434, 2435, 2437, 2455, 2457, 2458, 2459, 2460, 2461, 2462, 2463, 2464, 2465, 2466, 2467], "excluded_lines": [], "start_line": 2429}, "": {"executed_lines": [2, 4, 5, 6, 8, 9, 10, 11, 12, 13, 14, 15, 16, 17, 19, 20, 21, 29, 30, 31, 32, 33, 34, 35, 36, 37, 38, 40, 42, 45, 50, 58, 77, 426, 601, 631, 641, 687, 715, 750, 768, 778, 801, 820, 834, 847, 860, 870, 904, 936, 966, 1027, 1216, 1311, 1397, 1422, 1447, 1464, 1469, 1587, 1646, 1714, 1777, 1791, 1935, 1965, 1992, 2072, 2208, 2247, 2267, 2277, 2300, 2315, 2359, 2401, 2429, 2470], "summary": {"covered_lines": 78, "num_statements": 79, "percent_covered": 98.73417721518987, "percent_covered_display": "99", "missing_lines": 1, "excluded_lines": 0, "percent_statements_covered": 98.73417721518987, "percent_statements_covered_display": "99"}, "missing_lines": [2471], "excluded_lines": [], "start_line": 1}}, "classes": {"": {"executed_lines": [2, 4, 5, 6, 8, 9, 10, 11, 12, 13, 14, 15, 16, 17, 19, 20, 21, 29, 30, 31, 32, 33, 34, 35, 36, 37, 38, 40, 42, 45, 50, 58, 65, 67, 68, 77, 426, 601, 631, 641, 687, 715, 750, 768, 778, 801, 820, 834, 847, 860, 870, 904, 936, 966, 1027, 1216, 1311, 1326, 1328, 1329, 1333, 1334, 1335, 1336, 1339, 1346, 1359, 1373, 1382, 1390, 1394, 1397, 1405, 1407, 1408, 1410, 1411, 1412, 1422, 1447, 1464, 1469, 1587, 1646, 1714, 1777, 1791, 1935, 1965, 1992, 2072, 2208, 2247, 2267, 2277, 2300, 2306, 2307, 2308, 2315, 2317, 2332, 2333, 2336, 2350, 2355, 2356, 2359, 2401, 2429, 2470], "summary": {"covered_lines": 111, "num_statements": 1443, "percent_covered": 7.6923076923076925, "percent_covered_display": "8", "missing_lines": 1332, "excluded_lines": 0, "percent_statements_covered": 7.6923076923076925, "percent_statements_covered_display": "8"}, "missing_lines": [47, 52, 53, 54, 55, 66, 69, 70, 71, 72, 73, 74, 78, 79, 81, 84, 85, 86, 87, 88, 89, 90, 91, 92, 93, 94, 95, 96, 97, 100, 101, 105, 109, 114, 116, 117, 118, 119, 120, 121, 122, 123, 126, 127, 128, 129, 130, 131, 132, 133, 134, 135, 136, 137, 138, 139, 140, 141, 143, 145, 148, 149, 150, 151, 152, 153, 154, 155, 156, 157, 158, 159, 162, 163, 164, 166, 168, 172, 173, 174, 175, 176, 177, 178, 181, 182, 183, 184, 186, 187, 189, 190, 191, 192, 193, 194, 195, 196, 197, 199, 200, 201, 202, 205, 208, 209, 211, 212, 213, 215, 216, 218, 219, 220, 222, 223, 224, 225, 226, 227, 229, 230, 231, 232, 233, 234, 236, 237, 239, 240, 243, 244, 245, 246, 247, 248, 249, 250, 251, 252, 253, 254, 255, 256, 257, 258, 261, 262, 263, 264, 265, 266, 267, 270, 271, 272, 273, 275, 278, 280, 282, 283, 287, 288, 289, 290, 291, 292, 293, 296, 297, 299, 300, 301, 305, 306, 307, 308, 311, 312, 313, 314, 316, 319, 320, 323, 324, 326, 327, 329, 333, 336, 337, 340, 342, 343, 344, 346, 347, 348, 352, 354, 356, 358, 361, 362, 363, 366, 368, 370, 373, 374, 375, 378, 380, 384, 385, 386, 390, 391, 392, 393, 396, 399, 404, 405, 406, 407, 412, 413, 417, 418, 420, 423, 428, 429, 432, 433, 434, 435, 436, 438, 443, 444, 445, 446, 447, 448, 450, 453, 456, 460, 461, 462, 465, 466, 467, 468, 469, 470, 471, 472, 473, 474, 475, 476, 482, 483, 484, 485, 486, 487, 488, 489, 490, 491, 492, 493, 499, 500, 501, 502, 505, 506, 507, 508, 509, 510, 511, 512, 513, 514, 520, 521, 522, 523, 524, 525, 526, 527, 528, 529, 530, 531, 532, 538, 539, 540, 541, 542, 545, 546, 547, 548, 549, 552, 553, 554, 557, 558, 559, 560, 561, 564, 565, 567, 568, 569, 571, 572, 574, 575, 578, 579, 581, 582, 583, 585, 586, 589, 590, 591, 593, 595, 597, 609, 611, 612, 614, 615, 616, 617, 621, 622, 623, 624, 625, 626, 628, 633, 634, 635, 636, 637, 638, 643, 644, 645, 646, 648, 650, 651, 652, 653, 654, 655, 656, 657, 658, 659, 660, 661, 662, 663, 664, 665, 666, 667, 668, 669, 670, 671, 672, 673, 674, 675, 676, 677, 678, 680, 681, 682, 683, 684, 688, 689, 690, 691, 693, 694, 695, 696, 697, 698, 699, 705, 706, 712, 716, 717, 718, 726, 727, 728, 729, 730, 731, 732, 733, 734, 740, 741, 742, 743, 744, 745, 746, 747, 752, 753, 754, 755, 765, 769, 770, 771, 775, 783, 784, 785, 786, 787, 788, 789, 790, 791, 792, 793, 794, 795, 796, 797, 798, 802, 803, 804, 806, 807, 810, 811, 817, 821, 822, 823, 824, 825, 828, 829, 830, 831, 835, 836, 837, 838, 841, 842, 843, 844, 848, 849, 850, 851, 854, 855, 856, 857, 861, 862, 867, 878, 883, 884, 885, 886, 887, 888, 889, 890, 892, 893, 898, 899, 900, 901, 905, 906, 907, 908, 909, 911, 912, 913, 914, 915, 916, 917, 918, 919, 920, 921, 922, 923, 933, 938, 941, 942, 943, 944, 945, 946, 947, 948, 949, 951, 952, 953, 954, 955, 956, 957, 958, 959, 960, 961, 962, 963, 968, 969, 970, 971, 973, 974, 975, 976, 977, 979, 981, 982, 983, 984, 985, 987, 988, 989, 991, 992, 993, 994, 996, 997, 998, 999, 1001, 1002, 1003, 1004, 1005, 1006, 1007, 1008, 1010, 1011, 1012, 1013, 1014, 1015, 1016, 1018, 1019, 1020, 1021, 1023, 1024, 1033, 1034, 1035, 1036, 1038, 1039, 1040, 1043, 1044, 1045, 1046, 1047, 1048, 1049, 1050, 1051, 1052, 1053, 1054, 1055, 1056, 1057, 1058, 1059, 1060, 1063, 1070, 1071, 1072, 1073, 1074, 1075, 1076, 1077, 1078, 1079, 1080, 1081, 1084, 1085, 1086, 1087, 1099, 1100, 1101, 1102, 1103, 1104, 1105, 1106, 1107, 1108, 1109, 1110, 1112, 1120, 1121, 1123, 1126, 1127, 1128, 1129, 1130, 1131, 1132, 1133, 1134, 1135, 1136, 1137, 1138, 1139, 1140, 1141, 1142, 1143, 1144, 1145, 1147, 1153, 1154, 1156, 1162, 1164, 1165, 1166, 1167, 1168, 1169, 1170, 1173, 1174, 1175, 1176, 1177, 1178, 1181, 1183, 1184, 1187, 1188, 1189, 1190, 1191, 1193, 1194, 1199, 1201, 1202, 1203, 1209, 1211, 1213, 1226, 1227, 1229, 1231, 1233, 1234, 1235, 1236, 1237, 1238, 1241, 1245, 1246, 1247, 1248, 1249, 1251, 1252, 1253, 1254, 1255, 1256, 1257, 1258, 1259, 1264, 1269, 1270, 1271, 1272, 1274, 1275, 1278, 1279, 1280, 1285, 1286, 1287, 1296, 1297, 1298, 1299, 1301, 1303, 1305, 1306, 1308, 1406, 1413, 1414, 1415, 1416, 1417, 1418, 1419, 1423, 1424, 1425, 1426, 1431, 1432, 1433, 1436, 1437, 1440, 1441, 1444, 1454, 1455, 1456, 1457, 1458, 1459, 1460, 1461, 1466, 1477, 1479, 1495, 1496, 1498, 1499, 1500, 1501, 1502, 1503, 1505, 1506, 1507, 1512, 1513, 1514, 1519, 1522, 1523, 1524, 1525, 1530, 1531, 1534, 1535, 1538, 1541, 1542, 1543, 1544, 1545, 1549, 1551, 1552, 1553, 1555, 1556, 1557, 1558, 1559, 1560, 1561, 1562, 1563, 1564, 1565, 1566, 1567, 1568, 1569, 1571, 1572, 1573, 1574, 1576, 1577, 1584, 1593, 1595, 1596, 1601, 1604, 1605, 1606, 1607, 1608, 1609, 1610, 1611, 1612, 1613, 1614, 1615, 1616, 1617, 1618, 1619, 1620, 1621, 1622, 1623, 1624, 1625, 1626, 1627, 1628, 1629, 1631, 1632, 1638, 1639, 1640, 1642, 1643, 1656, 1658, 1659, 1668, 1669, 1670, 1671, 1672, 1673, 1674, 1675, 1676, 1677, 1678, 1679, 1680, 1681, 1682, 1683, 1684, 1685, 1686, 1687, 1688, 1689, 1690, 1691, 1692, 1693, 1695, 1698, 1706, 1708, 1709, 1710, 1711, 1719, 1721, 1722, 1730, 1731, 1732, 1733, 1734, 1735, 1736, 1737, 1738, 1739, 1740, 1741, 1742, 1743, 1744, 1745, 1746, 1747, 1748, 1749, 1750, 1751, 1752, 1753, 1754, 1755, 1757, 1760, 1768, 1770, 1771, 1772, 1773, 1774, 1779, 1792, 1793, 1796, 1797, 1798, 1806, 1808, 1809, 1810, 1811, 1814, 1815, 1816, 1817, 1818, 1819, 1820, 1829, 1831, 1832, 1833, 1834, 1835, 1836, 1837, 1840, 1841, 1842, 1843, 1844, 1845, 1846, 1848, 1849, 1850, 1851, 1852, 1855, 1856, 1858, 1873, 1876, 1877, 1878, 1883, 1886, 1887, 1888, 1890, 1891, 1892, 1893, 1897, 1898, 1901, 1902, 1905, 1906, 1907, 1908, 1909, 1910, 1911, 1912, 1913, 1914, 1915, 1917, 1918, 1920, 1921, 1922, 1923, 1924, 1925, 1932, 1936, 1938, 1939, 1940, 1941, 1942, 1944, 1945, 1946, 1947, 1948, 1949, 1950, 1952, 1953, 1954, 1955, 1957, 1958, 1959, 1960, 1962, 1966, 1968, 1969, 1970, 1971, 1972, 1973, 1975, 1976, 1977, 1978, 1979, 1980, 1982, 1983, 1984, 1985, 1986, 1987, 1989, 1994, 1995, 1996, 1997, 1998, 2001, 2002, 2003, 2004, 2005, 2006, 2007, 2008, 2009, 2010, 2011, 2012, 2013, 2014, 2015, 2016, 2017, 2019, 2020, 2022, 2024, 2025, 2026, 2027, 2028, 2029, 2030, 2031, 2032, 2033, 2035, 2036, 2039, 2040, 2042, 2043, 2044, 2045, 2046, 2047, 2049, 2050, 2052, 2053, 2054, 2055, 2056, 2057, 2060, 2062, 2065, 2066, 2067, 2068, 2069, 2074, 2075, 2076, 2078, 2079, 2081, 2082, 2083, 2085, 2086, 2087, 2088, 2091, 2093, 2094, 2095, 2096, 2097, 2098, 2099, 2101, 2102, 2103, 2104, 2119, 2120, 2121, 2123, 2124, 2125, 2126, 2127, 2128, 2129, 2130, 2132, 2134, 2135, 2136, 2142, 2143, 2150, 2151, 2152, 2157, 2158, 2159, 2160, 2161, 2163, 2164, 2165, 2167, 2168, 2169, 2178, 2179, 2180, 2182, 2183, 2185, 2186, 2187, 2189, 2190, 2191, 2193, 2194, 2195, 2196, 2198, 2199, 2200, 2201, 2203, 2205, 2210, 2211, 2218, 2219, 2225, 2226, 2227, 2228, 2229, 2231, 2232, 2233, 2238, 2239, 2240, 2241, 2242, 2244, 2249, 2251, 2252, 2253, 2254, 2255, 2264, 2269, 2271, 2272, 2273, 2274, 2279, 2280, 2282, 2283, 2284, 2285, 2286, 2287, 2288, 2289, 2290, 2291, 2292, 2293, 2294, 2295, 2296, 2297, 2334, 2335, 2361, 2363, 2364, 2365, 2366, 2368, 2370, 2371, 2372, 2373, 2374, 2375, 2376, 2377, 2379, 2380, 2381, 2382, 2383, 2384, 2385, 2386, 2388, 2389, 2390, 2391, 2392, 2393, 2394, 2395, 2397, 2398, 2408, 2409, 2410, 2412, 2413, 2414, 2415, 2416, 2417, 2419, 2420, 2421, 2422, 2423, 2424, 2425, 2426, 2430, 2431, 2433, 2434, 2435, 2437, 2455, 2457, 2458, 2459, 2460, 2461, 2462, 2463, 2464, 2465, 2466, 2467, 2471], "excluded_lines": [], "start_line": 1}}}, "src/codeagent/config/__init__.py": {"executed_lines": [2, 4], "summary": {"covered_lines": 2, "num_statements": 2, "percent_covered": 100.0, "percent_covered_display": "100", "missing_lines": 0, "excluded_lines": 0, "percent_statements_covered": 100.0, "percent_statements_covered_display": "100"}, "missing_lines": [], "excluded_lines": [], "functions": {"": {"executed_lines": [2, 4], "summary": {"covered_lines": 2, "num_statements": 2, "percent_covered": 100.0, "percent_covered_display": "100", "missing_lines": 0, "excluded_lines": 0, "percent_statements_covered": 100.0, "percent_statements_covered_display": "100"}, "missing_lines": [], "excluded_lines": [], "start_line": 1}}, "classes": {"": {"executed_lines": [2, 4], "summary": {"covered_lines": 2, "num_statements": 2, "percent_covered": 100.0, "percent_covered_display": "100", "missing_lines": 0, "excluded_lines": 0, "percent_statements_covered": 100.0, "percent_statements_covered_display": "100"}, "missing_lines": [], "excluded_lines": [], "start_line": 1}}}, "src/codeagent/config/repo_map.py": {"executed_lines": [6, 8, 9, 10, 11, 13, 14, 16, 19, 43], "summary": {"covered_lines": 10, "num_statements": 64, "percent_covered": 15.625, "percent_covered_display": "16", "missing_lines": 54, "excluded_lines": 0, "percent_statements_covered": 15.625, "percent_statements_covered_display": "16"}, "missing_lines": [21, 22, 23, 24, 25, 28, 29, 35, 36, 37, 38, 53, 54, 55, 56, 58, 59, 61, 62, 63, 64, 65, 69, 70, 71, 74, 75, 76, 77, 78, 83, 84, 85, 88, 89, 93, 103, 105, 106, 107, 108, 109, 110, 111, 113, 114, 116, 117, 118, 119, 120, 123, 129, 135], "excluded_lines": [], "functions": {"_default_repo_map_path": {"executed_lines": [], "summary": {"covered_lines": 0, "num_statements": 11, "percent_covered": 0.0, "percent_covered_display": "0", "missing_lines": 11, "excluded_lines": 0, "percent_statements_covered": 0.0, "percent_statements_covered_display": "0"}, "missing_lines": [21, 22, 23, 24, 25, 28, 29, 35, 36, 37, 38], "excluded_lines": [], "start_line": 19}, "load_repo_map": {"executed_lines": [], "summary": {"covered_lines": 0, "num_statements": 43, "percent_covered": 0.0, "percent_covered_display": "0", "missing_lines": 43, "excluded_lines": 0, "percent_statements_covered": 0.0, "percent_statements_covered_display": "0"}, "missing_lines": [53, 54, 55, 56, 58, 59, 61, 62, 63, 64, 65, 69, 70, 71, 74, 75, 76, 77, 78, 83, 84, 85, 88, 89, 93, 103, 105, 106, 107, 108, 109, 110, 111, 113, 114, 116, 117, 118, 119, 120, 123, 129, 135], "excluded_lines": [], "start_line": 43}, "": {"executed_lines": [6, 8, 9, 10, 11, 13, 14, 16, 19, 43], "summary": {"covered_lines": 10, "num_statements": 10, "percent_covered": 100.0, "percent_covered_display": "100", "missing_lines": 0, "excluded_lines": 0, "percent_statements_covered": 100.0, "percent_statements_covered_display": "100"}, "missing_lines": [], "excluded_lines": [], "start_line": 1}}, "classes": {"": {"executed_lines": [6, 8, 9, 10, 11, 13, 14, 16, 19, 43], "summary": {"covered_lines": 10, "num_statements": 64, "percent_covered": 15.625, "percent_covered_display": "16", "missing_lines": 54, "excluded_lines": 0, "percent_statements_covered": 15.625, "percent_statements_covered_display": "16"}, "missing_lines": [21, 22, 23, 24, 25, 28, 29, 35, 36, 37, 38, 53, 54, 55, 56, 58, 59, 61, 62, 63, 64, 65, 69, 70, 71, 74, 75, 76, 77, 78, 83, 84, 85, 88, 89, 93, 103, 105, 106, 107, 108, 109, 110, 111, 113, 114, 116, 117, 118, 119, 120, 123, 129, 135], "excluded_lines": [], "start_line": 1}}}, "src/codeagent/constants.py": {"executed_lines": [6, 9, 10, 11, 12, 13, 14, 15, 16, 19, 20, 23, 31, 34, 35, 36, 39, 40, 43, 44, 45, 48, 49, 50, 57, 58, 59, 61], "summary": {"covered_lines": 28, "num_statements": 28, "percent_covered": 100.0, "percent_covered_display": "100", "missing_lines": 0, "excluded_lines": 0, "percent_statements_covered": 100.0, "percent_statements_covered_display": "100"}, "missing_lines": [], "excluded_lines": [], "functions": {"": {"executed_lines": [6, 9, 10, 11, 12, 13, 14, 15, 16, 19, 20, 23, 31, 34, 35, 36, 39, 40, 43, 44, 45, 48, 49, 50, 57, 58, 59, 61], "summary": {"covered_lines": 28, "num_statements": 28, "percent_covered": 100.0, "percent_covered_display": "100", "missing_lines": 0, "excluded_lines": 0, "percent_statements_covered": 100.0, "percent_statements_covered_display": "100"}, "missing_lines": [], "excluded_lines": [], "start_line": 1}}, "classes": {"": {"executed_lines": [6, 9, 10, 11, 12, 13, 14, 15, 16, 19, 20, 23, 31, 34, 35, 36, 39, 40, 43, 44, 45, 48, 49, 50, 57, 58, 59, 61], "summary": {"covered_lines": 28, "num_statements": 28, "percent_covered": 100.0, "percent_covered_display": "100", "missing_lines": 0, "excluded_lines": 0, "percent_statements_covered": 100.0, "percent_statements_covered_display": "100"}, "missing_lines": [], "excluded_lines": [], "start_line": 1}}}, "src/codeagent/domain/__init__.py": {"executed_lines": [2, 4, 5, 6, 7, 8, 9, 10, 11, 13, 14, 16, 18, 19, 21, 38, 51, 52, 73, 74, 75, 76, 77, 78, 80, 81, 101, 102, 103, 104, 105, 107, 115, 116, 138, 149, 155, 158, 160, 163, 165, 174, 175, 177, 178, 181, 182, 219, 220, 222, 223, 224, 225, 226, 227, 228, 231, 232, 234, 235, 236, 239, 240, 242, 243, 244, 246, 254, 255, 257, 258, 259, 260, 262, 269, 270, 272, 273, 274, 275, 276, 278, 279, 282, 283, 287, 288, 290, 291, 292, 293, 294, 295, 296, 297, 298, 299, 300, 301, 302, 303, 304, 305, 307, 308, 309, 310, 311, 314, 315, 317, 318, 319, 320, 321, 322, 323, 326, 327, 329, 330, 331, 332, 333, 334, 335, 336, 337, 338, 339, 342, 348], "summary": {"covered_lines": 132, "num_statements": 202, "percent_covered": 65.34653465346534, "percent_covered_display": "65", "missing_lines": 70, "excluded_lines": 0, "percent_statements_covered": 65.34653465346534, "percent_statements_covered_display": "65"}, "missing_lines": [117, 118, 119, 120, 121, 122, 125, 126, 127, 128, 129, 130, 131, 132, 133, 139, 140, 141, 142, 143, 144, 145, 146, 150, 151, 152, 159, 161, 179, 192, 193, 194, 195, 196, 197, 198, 199, 200, 201, 202, 203, 204, 205, 208, 209, 213, 214, 215, 216, 247, 248, 251, 263, 264, 265, 266, 280, 284, 344, 345, 350, 351, 352, 353, 354, 355, 356, 357, 358, 359], "excluded_lines": [], "functions": {"ExecutionSpec.from_args": {"executed_lines": [101, 102, 103, 104, 105, 107, 115, 116, 138, 149, 155, 158, 160, 163, 165], "summary": {"covered_lines": 15, "num_statements": 43, "percent_covered": 34.883720930232556, "percent_covered_display": "35", "missing_lines": 28, "excluded_lines": 0, "percent_statements_covered": 34.883720930232556, "percent_statements_covered_display": "35"}, "missing_lines": [117, 118, 119, 120, 121, 122, 125, 126, 127, 128, 129, 130, 131, 132, 133, 139, 140, 141, 142, 143, 144, 145, 146, 150, 151, 152, 159, 161], "excluded_lines": [], "start_line": 81}, "ExecutionSpec._extract_provider": {"executed_lines": [177, 178], "summary": {"covered_lines": 2, "num_statements": 3, "percent_covered": 66.66666666666667, "percent_covered_display": "67", "missing_lines": 1, "excluded_lines": 0, "percent_statements_covered": 66.66666666666667, "percent_statements_covered_display": "67"}, "missing_lines": [179], "excluded_lines": [], "start_line": 175}, "ExecutionSpec._read_omp_execution_context": {"executed_lines": [], "summary": {"covered_lines": 0, "num_statements": 20, "percent_covered": 0.0, "percent_covered_display": "0", "missing_lines": 20, "excluded_lines": 0, "percent_statements_covered": 0.0, "percent_statements_covered_display": "0"}, "missing_lines": [192, 193, 194, 195, 196, 197, 198, 199, 200, 201, 202, 203, 204, 205, 208, 209, 213, 214, 215, 216], "excluded_lines": [], "start_line": 182}, "TopicSpec.repo": {"executed_lines": [], "summary": {"covered_lines": 0, "num_statements": 3, "percent_covered": 0.0, "percent_covered_display": "0", "missing_lines": 3, "excluded_lines": 0, "percent_statements_covered": 0.0, "percent_statements_covered_display": "0"}, "missing_lines": [247, 248, 251], "excluded_lines": [], "start_line": 246}, "RepoMap.topic": {"executed_lines": [], "summary": {"covered_lines": 0, "num_statements": 4, "percent_covered": 0.0, "percent_covered_display": "0", "missing_lines": 4, "excluded_lines": 0, "percent_statements_covered": 0.0, "percent_statements_covered_display": "0"}, "missing_lines": [263, 264, 265, 266], "excluded_lines": [], "start_line": 262}, "Target.workdir": {"executed_lines": [], "summary": {"covered_lines": 0, "num_statements": 1, "percent_covered": 0.0, "percent_covered_display": "0", "missing_lines": 1, "excluded_lines": 0, "percent_statements_covered": 0.0, "percent_statements_covered_display": "0"}, "missing_lines": [280], "excluded_lines": [], "start_line": 279}, "Target.ssh_alias": {"executed_lines": [], "summary": {"covered_lines": 0, "num_statements": 1, "percent_covered": 0.0, "percent_covered_display": "0", "missing_lines": 1, "excluded_lines": 0, "percent_statements_covered": 0.0, "percent_statements_covered_display": "0"}, "missing_lines": [284], "excluded_lines": [], "start_line": 283}, "current_hostname": {"executed_lines": [], "summary": {"covered_lines": 0, "num_statements": 2, "percent_covered": 0.0, "percent_covered_display": "0", "missing_lines": 2, "excluded_lines": 0, "percent_statements_covered": 0.0, "percent_statements_covered_display": "0"}, "missing_lines": [344, 345], "excluded_lines": [], "start_line": 342}, "resolve_is_local": {"executed_lines": [], "summary": {"covered_lines": 0, "num_statements": 10, "percent_covered": 0.0, "percent_covered_display": "0", "missing_lines": 10, "excluded_lines": 0, "percent_statements_covered": 0.0, "percent_statements_covered_display": "0"}, "missing_lines": [350, 351, 352, 353, 354, 355, 356, 357, 358, 359], "excluded_lines": [], "start_line": 348}, "": {"executed_lines": [2, 4, 5, 6, 7, 8, 9, 10, 11, 13, 14, 16, 18, 19, 21, 38, 51, 52, 73, 74, 75, 76, 77, 78, 80, 81, 174, 175, 181, 182, 219, 220, 222, 223, 224, 225, 226, 227, 228, 231, 232, 234, 235, 236, 239, 240, 242, 243, 244, 246, 254, 255, 257, 258, 259, 260, 262, 269, 270, 272, 273, 274, 275, 276, 278, 279, 282, 283, 287, 288, 290, 291, 292, 293, 294, 295, 296, 297, 298, 299, 300, 301, 302, 303, 304, 305, 307, 308, 309, 310, 311, 314, 315, 317, 318, 319, 320, 321, 322, 323, 326, 327, 329, 330, 331, 332, 333, 334, 335, 336, 337, 338, 339, 342, 348], "summary": {"covered_lines": 115, "num_statements": 115, "percent_covered": 100.0, "percent_covered_display": "100", "missing_lines": 0, "excluded_lines": 0, "percent_statements_covered": 100.0, "percent_statements_covered_display": "100"}, "missing_lines": [], "excluded_lines": [], "start_line": 1}}, "classes": {"ModelContextUnavailable": {"executed_lines": [], "summary": {"covered_lines": 0, "num_statements": 0, "percent_covered": 100.0, "percent_covered_display": "100", "missing_lines": 0, "excluded_lines": 0, "percent_statements_covered": 100.0, "percent_statements_covered_display": "100"}, "missing_lines": [], "excluded_lines": [], "start_line": 38}, "ExecutionSpec": {"executed_lines": [101, 102, 103, 104, 105, 107, 115, 116, 138, 149, 155, 158, 160, 163, 165, 177, 178], "summary": {"covered_lines": 17, "num_statements": 66, "percent_covered": 25.757575757575758, "percent_covered_display": "26", "missing_lines": 49, "excluded_lines": 0, "percent_statements_covered": 25.757575757575758, "percent_statements_covered_display": "26"}, "missing_lines": [117, 118, 119, 120, 121, 122, 125, 126, 127, 128, 129, 130, 131, 132, 133, 139, 140, 141, 142, 143, 144, 145, 146, 150, 151, 152, 159, 161, 179, 192, 193, 194, 195, 196, 197, 198, 199, 200, 201, 202, 203, 204, 205, 208, 209, 213, 214, 215, 216], "excluded_lines": [], "start_line": 52}, "HostSpec": {"executed_lines": [], "summary": {"covered_lines": 0, "num_statements": 0, "percent_covered": 100.0, "percent_covered_display": "100", "missing_lines": 0, "excluded_lines": 0, "percent_statements_covered": 100.0, "percent_statements_covered_display": "100"}, "missing_lines": [], "excluded_lines": [], "start_line": 220}, "RepoEntry": {"executed_lines": [], "summary": {"covered_lines": 0, "num_statements": 0, "percent_covered": 100.0, "percent_covered_display": "100", "missing_lines": 0, "excluded_lines": 0, "percent_statements_covered": 100.0, "percent_statements_covered_display": "100"}, "missing_lines": [], "excluded_lines": [], "start_line": 232}, "TopicSpec": {"executed_lines": [], "summary": {"covered_lines": 0, "num_statements": 3, "percent_covered": 0.0, "percent_covered_display": "0", "missing_lines": 3, "excluded_lines": 0, "percent_statements_covered": 0.0, "percent_statements_covered_display": "0"}, "missing_lines": [247, 248, 251], "excluded_lines": [], "start_line": 240}, "RepoMap": {"executed_lines": [], "summary": {"covered_lines": 0, "num_statements": 4, "percent_covered": 0.0, "percent_covered_display": "0", "missing_lines": 4, "excluded_lines": 0, "percent_statements_covered": 0.0, "percent_statements_covered_display": "0"}, "missing_lines": [263, 264, 265, 266], "excluded_lines": [], "start_line": 255}, "Target": {"executed_lines": [], "summary": {"covered_lines": 0, "num_statements": 2, "percent_covered": 0.0, "percent_covered_display": "0", "missing_lines": 2, "excluded_lines": 0, "percent_statements_covered": 0.0, "percent_statements_covered_display": "0"}, "missing_lines": [280, 284], "excluded_lines": [], "start_line": 270}, "RunRequest": {"executed_lines": [], "summary": {"covered_lines": 0, "num_statements": 0, "percent_covered": 100.0, "percent_covered_display": "100", "missing_lines": 0, "excluded_lines": 0, "percent_statements_covered": 100.0, "percent_statements_covered_display": "100"}, "missing_lines": [], "excluded_lines": [], "start_line": 288}, "RunResult": {"executed_lines": [], "summary": {"covered_lines": 0, "num_statements": 0, "percent_covered": 100.0, "percent_covered_display": "100", "missing_lines": 0, "excluded_lines": 0, "percent_statements_covered": 100.0, "percent_statements_covered_display": "100"}, "missing_lines": [], "excluded_lines": [], "start_line": 315}, "SessionRecord": {"executed_lines": [], "summary": {"covered_lines": 0, "num_statements": 0, "percent_covered": 100.0, "percent_covered_display": "100", "missing_lines": 0, "excluded_lines": 0, "percent_statements_covered": 100.0, "percent_statements_covered_display": "100"}, "missing_lines": [], "excluded_lines": [], "start_line": 327}, "": {"executed_lines": [2, 4, 5, 6, 7, 8, 9, 10, 11, 13, 14, 16, 18, 19, 21, 38, 51, 52, 73, 74, 75, 76, 77, 78, 80, 81, 174, 175, 181, 182, 219, 220, 222, 223, 224, 225, 226, 227, 228, 231, 232, 234, 235, 236, 239, 240, 242, 243, 244, 246, 254, 255, 257, 258, 259, 260, 262, 269, 270, 272, 273, 274, 275, 276, 278, 279, 282, 283, 287, 288, 290, 291, 292, 293, 294, 295, 296, 297, 298, 299, 300, 301, 302, 303, 304, 305, 307, 308, 309, 310, 311, 314, 315, 317, 318, 319, 320, 321, 322, 323, 326, 327, 329, 330, 331, 332, 333, 334, 335, 336, 337, 338, 339, 342, 348], "summary": {"covered_lines": 115, "num_statements": 127, "percent_covered": 90.55118110236221, "percent_covered_display": "91", "missing_lines": 12, "excluded_lines": 0, "percent_statements_covered": 90.55118110236221, "percent_statements_covered_display": "91"}, "missing_lines": [344, 345, 350, 351, 352, 353, 354, 355, 356, 357, 358, 359], "excluded_lines": [], "start_line": 1}}}, "src/codeagent/domain/park.py": {"executed_lines": [2, 4, 5, 6, 9, 16, 17, 18, 19, 20, 24, 26, 27, 37, 39, 40, 41, 42, 45, 46, 48, 49, 50, 51, 52, 53, 54, 55, 56, 57, 58, 59, 60, 61, 62, 63, 64, 65, 66, 67, 68, 69, 70, 71, 72, 73, 74, 75, 76], "summary": {"covered_lines": 49, "num_statements": 52, "percent_covered": 94.23076923076923, "percent_covered_display": "94", "missing_lines": 3, "excluded_lines": 0, "percent_statements_covered": 94.23076923076923, "percent_statements_covered_display": "94"}, "missing_lines": [32, 33, 34], "excluded_lines": [], "functions": {"Lifecycle._missing_": {"executed_lines": [], "summary": {"covered_lines": 0, "num_statements": 3, "percent_covered": 0.0, "percent_covered_display": "0", "missing_lines": 3, "excluded_lines": 0, "percent_statements_covered": 0.0, "percent_statements_covered_display": "0"}, "missing_lines": [32, 33, 34], "excluded_lines": [], "start_line": 27}, "": {"executed_lines": [2, 4, 5, 6, 9, 16, 17, 18, 19, 20, 24, 26, 27, 37, 39, 40, 41, 42, 45, 46, 48, 49, 50, 51, 52, 53, 54, 55, 56, 57, 58, 59, 60, 61, 62, 63, 64, 65, 66, 67, 68, 69, 70, 71, 72, 73, 74, 75, 76], "summary": {"covered_lines": 49, "num_statements": 49, "percent_covered": 100.0, "percent_covered_display": "100", "missing_lines": 0, "excluded_lines": 0, "percent_statements_covered": 100.0, "percent_statements_covered_display": "100"}, "missing_lines": [], "excluded_lines": [], "start_line": 1}}, "classes": {"Lifecycle": {"executed_lines": [], "summary": {"covered_lines": 0, "num_statements": 3, "percent_covered": 0.0, "percent_covered_display": "0", "missing_lines": 3, "excluded_lines": 0, "percent_statements_covered": 0.0, "percent_statements_covered_display": "0"}, "missing_lines": [32, 33, 34], "excluded_lines": [], "start_line": 9}, "ParkClass": {"executed_lines": [], "summary": {"covered_lines": 0, "num_statements": 0, "percent_covered": 100.0, "percent_covered_display": "100", "missing_lines": 0, "excluded_lines": 0, "percent_statements_covered": 100.0, "percent_statements_covered_display": "100"}, "missing_lines": [], "excluded_lines": [], "start_line": 37}, "ParkManifest": {"executed_lines": [], "summary": {"covered_lines": 0, "num_statements": 0, "percent_covered": 100.0, "percent_covered_display": "100", "missing_lines": 0, "excluded_lines": 0, "percent_statements_covered": 100.0, "percent_statements_covered_display": "100"}, "missing_lines": [], "excluded_lines": [], "start_line": 46}, "": {"executed_lines": [2, 4, 5, 6, 9, 16, 17, 18, 19, 20, 24, 26, 27, 37, 39, 40, 41, 42, 45, 46, 48, 49, 50, 51, 52, 53, 54, 55, 56, 57, 58, 59, 60, 61, 62, 63, 64, 65, 66, 67, 68, 69, 70, 71, 72, 73, 74, 75, 76], "summary": {"covered_lines": 49, "num_statements": 49, "percent_covered": 100.0, "percent_covered_display": "100", "missing_lines": 0, "excluded_lines": 0, "percent_statements_covered": 100.0, "percent_statements_covered_display": "100"}, "missing_lines": [], "excluded_lines": [], "start_line": 1}}}, "src/codeagent/domain/runtime.py": {"executed_lines": [1, 2, 5, 6, 7, 8, 9, 10, 11, 12, 13, 14, 15, 16, 17, 18, 19], "summary": {"covered_lines": 17, "num_statements": 17, "percent_covered": 100.0, "percent_covered_display": "100", "missing_lines": 0, "excluded_lines": 0, "percent_statements_covered": 100.0, "percent_statements_covered_display": "100"}, "missing_lines": [], "excluded_lines": [], "functions": {"": {"executed_lines": [1, 2, 5, 6, 7, 8, 9, 10, 11, 12, 13, 14, 15, 16, 17, 18, 19], "summary": {"covered_lines": 17, "num_statements": 17, "percent_covered": 100.0, "percent_covered_display": "100", "missing_lines": 0, "excluded_lines": 0, "percent_statements_covered": 100.0, "percent_statements_covered_display": "100"}, "missing_lines": [], "excluded_lines": [], "start_line": 1}}, "classes": {"RunContext": {"executed_lines": [], "summary": {"covered_lines": 0, "num_statements": 0, "percent_covered": 100.0, "percent_covered_display": "100", "missing_lines": 0, "excluded_lines": 0, "percent_statements_covered": 100.0, "percent_statements_covered_display": "100"}, "missing_lines": [], "excluded_lines": [], "start_line": 6}, "": {"executed_lines": [1, 2, 5, 6, 7, 8, 9, 10, 11, 12, 13, 14, 15, 16, 17, 18, 19], "summary": {"covered_lines": 17, "num_statements": 17, "percent_covered": 100.0, "percent_covered_display": "100", "missing_lines": 0, "excluded_lines": 0, "percent_statements_covered": 100.0, "percent_statements_covered_display": "100"}, "missing_lines": [], "excluded_lines": [], "start_line": 1}}}, "src/codeagent/gateway/__init__.py": {"executed_lines": [2, 3, 4, 12, 14], "summary": {"covered_lines": 5, "num_statements": 5, "percent_covered": 100.0, "percent_covered_display": "100", "missing_lines": 0, "excluded_lines": 0, "percent_statements_covered": 100.0, "percent_statements_covered_display": "100"}, "missing_lines": [], "excluded_lines": [], "functions": {"": {"executed_lines": [2, 3, 4, 12, 14], "summary": {"covered_lines": 5, "num_statements": 5, "percent_covered": 100.0, "percent_covered_display": "100", "missing_lines": 0, "excluded_lines": 0, "percent_statements_covered": 100.0, "percent_statements_covered_display": "100"}, "missing_lines": [], "excluded_lines": [], "start_line": 1}}, "classes": {"": {"executed_lines": [2, 3, 4, 12, 14], "summary": {"covered_lines": 5, "num_statements": 5, "percent_covered": 100.0, "percent_covered_display": "100", "missing_lines": 0, "excluded_lines": 0, "percent_statements_covered": 100.0, "percent_statements_covered_display": "100"}, "missing_lines": [], "excluded_lines": [], "start_line": 1}}}, "src/codeagent/gateway/cli.py": {"executed_lines": [], "summary": {"covered_lines": 0, "num_statements": 436, "percent_covered": 0.0, "percent_covered_display": "0", "missing_lines": 436, "excluded_lines": 0, "percent_statements_covered": 0.0, "percent_statements_covered_display": "0"}, "missing_lines": [13, 15, 16, 17, 18, 19, 20, 21, 22, 23, 25, 27, 28, 29, 30, 31, 32, 40, 42, 43, 44, 45, 46, 49, 56, 57, 58, 60, 62, 63, 64, 65, 69, 71, 75, 76, 77, 79, 80, 81, 82, 83, 86, 87, 88, 89, 90, 93, 95, 96, 97, 100, 101, 102, 103, 104, 108, 109, 110, 112, 113, 114, 115, 118, 119, 120, 121, 122, 123, 124, 125, 128, 129, 130, 132, 133, 134, 135, 138, 139, 140, 145, 148, 155, 156, 157, 158, 159, 160, 162, 163, 164, 168, 169, 171, 173, 174, 175, 176, 177, 183, 185, 188, 194, 195, 196, 197, 198, 200, 201, 202, 203, 204, 206, 207, 208, 209, 211, 212, 213, 214, 215, 218, 220, 221, 222, 223, 224, 227, 229, 230, 231, 232, 233, 236, 237, 238, 241, 242, 243, 246, 248, 249, 250, 251, 252, 253, 254, 255, 258, 260, 262, 263, 266, 267, 268, 269, 270, 271, 277, 284, 285, 287, 288, 289, 290, 291, 292, 293, 294, 295, 296, 297, 298, 299, 300, 302, 304, 305, 307, 308, 309, 310, 311, 312, 316, 317, 319, 323, 324, 326, 327, 329, 330, 331, 332, 335, 341, 342, 343, 344, 346, 347, 349, 350, 351, 352, 353, 354, 356, 357, 360, 361, 362, 364, 365, 366, 367, 368, 369, 370, 371, 372, 373, 374, 375, 376, 377, 378, 379, 387, 388, 389, 390, 394, 395, 397, 398, 399, 400, 401, 402, 403, 404, 405, 406, 407, 408, 409, 411, 412, 414, 415, 416, 417, 418, 419, 422, 423, 424, 425, 426, 427, 428, 429, 430, 431, 437, 440, 442, 443, 444, 445, 446, 447, 448, 449, 450, 451, 452, 453, 454, 455, 456, 457, 458, 459, 460, 462, 463, 464, 467, 469, 471, 472, 473, 476, 478, 479, 480, 481, 482, 483, 484, 485, 486, 487, 488, 494, 506, 507, 508, 510, 511, 512, 513, 514, 515, 518, 520, 521, 522, 523, 524, 525, 526, 529, 537, 538, 539, 540, 541, 542, 543, 544, 546, 547, 548, 549, 556, 557, 558, 559, 562, 570, 571, 572, 573, 574, 575, 576, 579, 580, 581, 582, 583, 584, 585, 588, 601, 604, 605, 608, 609, 610, 611, 612, 614, 616, 617, 618, 619, 621, 622, 623, 624, 625, 632, 633, 634, 636, 637, 638, 639, 640, 641, 642, 644, 646, 647, 648, 649, 650, 651, 652, 653, 654, 655, 657, 658, 659, 660, 661, 663, 664, 665, 666, 667, 668, 669, 670, 673, 678, 680, 681, 682, 683, 684, 685, 686, 687, 688, 689, 690, 691, 692, 693, 695, 696, 697, 698, 699, 706, 714, 717, 718], "excluded_lines": [], "functions": {"_gateway_running": {"executed_lines": [], "summary": {"covered_lines": 0, "num_statements": 5, "percent_covered": 0.0, "percent_covered_display": "0", "missing_lines": 5, "excluded_lines": 0, "percent_statements_covered": 0.0, "percent_statements_covered_display": "0"}, "missing_lines": [42, 43, 44, 45, 46], "excluded_lines": [], "start_line": 40}, "cmd_gateway_start": {"executed_lines": [], "summary": {"covered_lines": 0, "num_statements": 47, "percent_covered": 0.0, "percent_covered_display": "0", "missing_lines": 47, "excluded_lines": 0, "percent_statements_covered": 0.0, "percent_statements_covered_display": "0"}, "missing_lines": [56, 57, 58, 60, 62, 63, 64, 65, 69, 71, 75, 76, 77, 79, 80, 81, 82, 83, 86, 87, 88, 89, 90, 93, 95, 96, 97, 100, 101, 102, 103, 104, 108, 109, 110, 112, 113, 114, 115, 118, 119, 120, 121, 122, 123, 124, 125], "excluded_lines": [], "start_line": 49}, "_socket_owner_is_self": {"executed_lines": [], "summary": {"covered_lines": 0, "num_statements": 6, "percent_covered": 0.0, "percent_covered_display": "0", "missing_lines": 6, "excluded_lines": 0, "percent_statements_covered": 0.0, "percent_statements_covered_display": "0"}, "missing_lines": [129, 130, 132, 133, 134, 135], "excluded_lines": [], "start_line": 128}, "_tmux_session_alive": {"executed_lines": [], "summary": {"covered_lines": 0, "num_statements": 2, "percent_covered": 0.0, "percent_covered_display": "0", "missing_lines": 2, "excluded_lines": 0, "percent_statements_covered": 0.0, "percent_statements_covered_display": "0"}, "missing_lines": [139, 140], "excluded_lines": [], "start_line": 138}, "_cleanup_legacy_tmux_servers": {"executed_lines": [], "summary": {"covered_lines": 0, "num_statements": 17, "percent_covered": 0.0, "percent_covered_display": "0", "missing_lines": 17, "excluded_lines": 0, "percent_statements_covered": 0.0, "percent_statements_covered_display": "0"}, "missing_lines": [155, 156, 157, 158, 159, 160, 162, 163, 164, 168, 169, 171, 173, 174, 175, 176, 177], "excluded_lines": [], "start_line": 148}, "_gateway_pid_path": {"executed_lines": [], "summary": {"covered_lines": 0, "num_statements": 1, "percent_covered": 0.0, "percent_covered_display": "0", "missing_lines": 1, "excluded_lines": 0, "percent_statements_covered": 0.0, "percent_statements_covered_display": "0"}, "missing_lines": [185], "excluded_lines": [], "start_line": 183}, "_check_pid_lock": {"executed_lines": [], "summary": {"covered_lines": 0, "num_statements": 19, "percent_covered": 0.0, "percent_covered_display": "0", "missing_lines": 19, "excluded_lines": 0, "percent_statements_covered": 0.0, "percent_statements_covered_display": "0"}, "missing_lines": [194, 195, 196, 197, 198, 200, 201, 202, 203, 204, 206, 207, 208, 209, 211, 212, 213, 214, 215], "excluded_lines": [], "start_line": 188}, "_write_pid_file": {"executed_lines": [], "summary": {"covered_lines": 0, "num_statements": 5, "percent_covered": 0.0, "percent_covered_display": "0", "missing_lines": 5, "excluded_lines": 0, "percent_statements_covered": 0.0, "percent_statements_covered_display": "0"}, "missing_lines": [220, 221, 222, 223, 224], "excluded_lines": [], "start_line": 218}, "_remove_pid_file": {"executed_lines": [], "summary": {"covered_lines": 0, "num_statements": 5, "percent_covered": 0.0, "percent_covered_display": "0", "missing_lines": 5, "excluded_lines": 0, "percent_statements_covered": 0.0, "percent_statements_covered_display": "0"}, "missing_lines": [229, 230, 231, 232, 233], "excluded_lines": [], "start_line": 227}, "_tmux": {"executed_lines": [], "summary": {"covered_lines": 0, "num_statements": 5, "percent_covered": 0.0, "percent_covered_display": "0", "missing_lines": 5, "excluded_lines": 0, "percent_statements_covered": 0.0, "percent_statements_covered_display": "0"}, "missing_lines": [237, 238, 241, 242, 243], "excluded_lines": [], "start_line": 236}, "_find_gateway_pane": {"executed_lines": [], "summary": {"covered_lines": 0, "num_statements": 8, "percent_covered": 0.0, "percent_covered_display": "0", "missing_lines": 8, "excluded_lines": 0, "percent_statements_covered": 0.0, "percent_statements_covered_display": "0"}, "missing_lines": [248, 249, 250, 251, 252, 253, 254, 255], "excluded_lines": [], "start_line": 246}, "_tmux_new_gateway_pane": {"executed_lines": [], "summary": {"covered_lines": 0, "num_statements": 9, "percent_covered": 0.0, "percent_covered_display": "0", "missing_lines": 9, "excluded_lines": 0, "percent_statements_covered": 0.0, "percent_statements_covered_display": "0"}, "missing_lines": [260, 262, 263, 266, 267, 268, 269, 270, 271], "excluded_lines": [], "start_line": 258}, "cmd_gateway_health": {"executed_lines": [], "summary": {"covered_lines": 0, "num_statements": 36, "percent_covered": 0.0, "percent_covered_display": "0", "missing_lines": 36, "excluded_lines": 0, "percent_statements_covered": 0.0, "percent_statements_covered_display": "0"}, "missing_lines": [284, 285, 287, 288, 289, 290, 291, 292, 293, 294, 295, 296, 297, 298, 299, 300, 302, 304, 305, 307, 308, 309, 310, 311, 312, 316, 317, 319, 323, 324, 326, 327, 329, 330, 331, 332], "excluded_lines": [], "start_line": 277}, "cmd_gateway_ensure": {"executed_lines": [], "summary": {"covered_lines": 0, "num_statements": 60, "percent_covered": 0.0, "percent_covered_display": "0", "missing_lines": 60, "excluded_lines": 0, "percent_statements_covered": 0.0, "percent_statements_covered_display": "0"}, "missing_lines": [341, 342, 343, 344, 346, 347, 349, 350, 351, 352, 353, 354, 356, 357, 360, 361, 362, 364, 365, 366, 367, 368, 369, 370, 371, 372, 373, 374, 375, 376, 377, 378, 379, 387, 388, 389, 390, 394, 395, 397, 398, 399, 400, 401, 402, 403, 404, 405, 406, 407, 408, 409, 411, 412, 414, 415, 416, 417, 418, 419], "excluded_lines": [], "start_line": 335}, "cmd_gateway_status": {"executed_lines": [], "summary": {"covered_lines": 0, "num_statements": 10, "percent_covered": 0.0, "percent_covered_display": "0", "missing_lines": 10, "excluded_lines": 0, "percent_statements_covered": 0.0, "percent_statements_covered_display": "0"}, "missing_lines": [423, 424, 425, 426, 427, 428, 429, 430, 431, 437], "excluded_lines": [], "start_line": 422}, "cmd_gateway_stop": {"executed_lines": [], "summary": {"covered_lines": 0, "num_statements": 22, "percent_covered": 0.0, "percent_covered_display": "0", "missing_lines": 22, "excluded_lines": 0, "percent_statements_covered": 0.0, "percent_statements_covered_display": "0"}, "missing_lines": [442, 443, 444, 445, 446, 447, 448, 449, 450, 451, 452, 453, 454, 455, 456, 457, 458, 459, 460, 462, 463, 464], "excluded_lines": [], "start_line": 440}, "cmd_gateway_serve": {"executed_lines": [], "summary": {"covered_lines": 0, "num_statements": 4, "percent_covered": 0.0, "percent_covered_display": "0", "missing_lines": 4, "excluded_lines": 0, "percent_statements_covered": 0.0, "percent_statements_covered_display": "0"}, "missing_lines": [469, 471, 472, 473], "excluded_lines": [], "start_line": 467}, "cmd_gateway_rpc": {"executed_lines": [], "summary": {"covered_lines": 0, "num_statements": 11, "percent_covered": 0.0, "percent_covered_display": "0", "missing_lines": 11, "excluded_lines": 0, "percent_statements_covered": 0.0, "percent_statements_covered_display": "0"}, "missing_lines": [478, 479, 480, 481, 482, 483, 484, 485, 486, 487, 488], "excluded_lines": [], "start_line": 476}, "_watch_cursor_file": {"executed_lines": [], "summary": {"covered_lines": 0, "num_statements": 9, "percent_covered": 0.0, "percent_covered_display": "0", "missing_lines": 9, "excluded_lines": 0, "percent_statements_covered": 0.0, "percent_statements_covered_display": "0"}, "missing_lines": [506, 507, 508, 510, 511, 512, 513, 514, 515], "excluded_lines": [], "start_line": 494}, "_load_watch_cursor": {"executed_lines": [], "summary": {"covered_lines": 0, "num_statements": 7, "percent_covered": 0.0, "percent_covered_display": "0", "missing_lines": 7, "excluded_lines": 0, "percent_statements_covered": 0.0, "percent_statements_covered_display": "0"}, "missing_lines": [520, 521, 522, 523, 524, 525, 526], "excluded_lines": [], "start_line": 518}, "_save_watch_cursor": {"executed_lines": [], "summary": {"covered_lines": 0, "num_statements": 16, "percent_covered": 0.0, "percent_covered_display": "0", "missing_lines": 16, "excluded_lines": 0, "percent_statements_covered": 0.0, "percent_statements_covered_display": "0"}, "missing_lines": [537, 538, 539, 540, 541, 542, 543, 544, 546, 547, 548, 549, 556, 557, 558, 559], "excluded_lines": [], "start_line": 529}, "_parse_exit_on": {"executed_lines": [], "summary": {"covered_lines": 0, "num_statements": 14, "percent_covered": 0.0, "percent_covered_display": "0", "missing_lines": 14, "excluded_lines": 0, "percent_statements_covered": 0.0, "percent_statements_covered_display": "0"}, "missing_lines": [570, 571, 572, 5
[...]
39, 640, 641, 646, 647, 648, 649, 650, 651, 652, 653, 656, 657, 658, 659, 660, 662, 667], "excluded_lines": [55, 56], "start_line": 1}}}, "src/codeagent/util/__init__.py": {"executed_lines": [], "summary": {"covered_lines": 0, "num_statements": 0, "percent_covered": 100.0, "percent_covered_display": "100", "missing_lines": 0, "excluded_lines": 0, "percent_statements_covered": 100.0, "percent_statements_covered_display": "100"}, "missing_lines": [], "excluded_lines": [], "functions": {"": {"executed_lines": [], "summary": {"covered_lines": 0, "num_statements": 0, "percent_covered": 100.0, "percent_covered_display": "100", "missing_lines": 0, "excluded_lines": 0, "percent_statements_covered": 100.0, "percent_statements_covered_display": "100"}, "missing_lines": [], "excluded_lines": [], "start_line": 1}}, "classes": {"": {"executed_lines": [], "summary": {"covered_lines": 0, "num_statements": 0, "percent_covered": 100.0, "percent_covered_display": "100", "missing_lines": 0, "excluded_lines": 0, "percent_statements_covered": 100.0, "percent_statements_covered_display": "100"}, "missing_lines": [], "excluded_lines": [], "start_line": 1}}}, "src/codeagent/util/paths.py": {"executed_lines": [2, 4, 5, 8, 19, 36, 48, 56, 64], "summary": {"covered_lines": 9, "num_statements": 26, "percent_covered": 34.61538461538461, "percent_covered_display": "35", "missing_lines": 17, "excluded_lines": 0, "percent_statements_covered": 34.61538461538461, "percent_statements_covered_display": "35"}, "missing_lines": [16, 30, 31, 32, 33, 42, 43, 44, 45, 53, 61, 70, 71, 72, 73, 74, 75], "excluded_lines": [], "functions": {"expand_path": {"executed_lines": [], "summary": {"covered_lines": 0, "num_statements": 1, "percent_covered": 0.0, "percent_covered_display": "0", "missing_lines": 1, "excluded_lines": 0, "percent_statements_covered": 0.0, "percent_statements_covered_display": "0"}, "missing_lines": [16], "excluded_lines": [], "start_line": 8}, "normalize_workdir": {"executed_lines": [], "summary": {"covered_lines": 0, "num_statements": 4, "percent_covered": 0.0, "percent_covered_display": "0", "missing_lines": 4, "excluded_lines": 0, "percent_statements_covered": 0.0, "percent_statements_covered_display": "0"}, "missing_lines": [30, 31, 32, 33], "excluded_lines": [], "start_line": 19}, "_xdg_dir": {"executed_lines": [], "summary": {"covered_lines": 0, "num_statements": 4, "percent_covered": 0.0, "percent_covered_display": "0", "missing_lines": 4, "excluded_lines": 0, "percent_statements_covered": 0.0, "percent_statements_covered_display": "0"}, "missing_lines": [42, 43, 44, 45], "excluded_lines": [], "start_line": 36}, "config_dir": {"executed_lines": [], "summary": {"covered_lines": 0, "num_statements": 1, "percent_covered": 0.0, "percent_covered_display": "0", "missing_lines": 1, "excluded_lines": 0, "percent_statements_covered": 0.0, "percent_statements_covered_display": "0"}, "missing_lines": [53], "excluded_lines": [], "start_line": 48}, "state_dir": {"executed_lines": [], "summary": {"covered_lines": 0, "num_statements": 1, "percent_covered": 0.0, "percent_covered_display": "0", "missing_lines": 1, "excluded_lines": 0, "percent_statements_covered": 0.0, "percent_statements_covered_display": "0"}, "missing_lines": [61], "excluded_lines": [], "start_line": 56}, "runtime_dir": {"executed_lines": [], "summary": {"covered_lines": 0, "num_statements": 6, "percent_covered": 0.0, "percent_covered_display": "0", "missing_lines": 6, "excluded_lines": 0, "percent_statements_covered": 0.0, "percent_statements_covered_display": "0"}, "missing_lines": [70, 71, 72, 73, 74, 75], "excluded_lines": [], "start_line": 64}, "": {"executed_lines": [2, 4, 5, 8, 19, 36, 48, 56, 64], "summary": {"covered_lines": 9, "num_statements": 9, "percent_covered": 100.0, "percent_covered_display": "100", "missing_lines": 0, "excluded_lines": 0, "percent_statements_covered": 100.0, "percent_statements_covered_display": "100"}, "missing_lines": [], "excluded_lines": [], "start_line": 1}}, "classes": {"": {"executed_lines": [2, 4, 5, 8, 19, 36, 48, 56, 64], "summary": {"covered_lines": 9, "num_statements": 26, "percent_covered": 34.61538461538461, "percent_covered_display": "35", "missing_lines": 17, "excluded_lines": 0, "percent_statements_covered": 34.61538461538461, "percent_statements_covered_display": "35"}, "missing_lines": [16, 30, 31, 32, 33, 42, 43, 44, 45, 53, 61, 70, 71, 72, 73, 74, 75], "excluded_lines": [], "start_line": 1}}}, "src/codeagent/wire/__init__.py": {"executed_lines": [2, 21], "summary": {"covered_lines": 2, "num_statements": 2, "percent_covered": 100.0, "percent_covered_display": "100", "missing_lines": 0, "excluded_lines": 0, "percent_statements_covered": 100.0, "percent_statements_covered_display": "100"}, "missing_lines": [], "excluded_lines": [], "functions": {"": {"executed_lines": [2, 21], "summary": {"covered_lines": 2, "num_statements": 2, "percent_covered": 100.0, "percent_covered_display": "100", "missing_lines": 0, "excluded_lines": 0, "percent_statements_covered": 100.0, "percent_statements_covered_display": "100"}, "missing_lines": [], "excluded_lines": [], "start_line": 1}}, "classes": {"": {"executed_lines": [2, 21], "summary": {"covered_lines": 2, "num_statements": 2, "percent_covered": 100.0, "percent_covered_display": "100", "missing_lines": 0, "excluded_lines": 0, "percent_statements_covered": 100.0, "percent_statements_covered_display": "100"}, "missing_lines": [], "excluded_lines": [], "start_line": 1}}}, "src/codeagent/wire/protocol.py": {"executed_lines": [19, 21, 22, 23, 24, 26, 31, 34, 35, 36, 37, 38, 39, 40, 41, 42, 44, 45, 46, 52, 60, 63, 64, 65, 66, 67, 70, 71, 74, 75, 79, 80, 84, 85, 89, 90, 94, 95, 99, 100, 104, 105, 109, 110, 114, 115, 119, 120, 128, 134, 151, 208, 217, 242, 282, 340, 379, 384, 388, 408, 415, 419, 423, 427, 430, 440, 449, 458, 482, 483, 485, 488, 503], "summary": {"covered_lines": 73, "num_statements": 220, "percent_covered": 33.18181818181818, "percent_covered_display": "33", "missing_lines": 147, "excluded_lines": 0, "percent_statements_covered": 33.18181818181818, "percent_statements_covered_display": "33"}, "missing_lines": [82, 87, 92, 97, 102, 107, 112, 117, 122, 130, 168, 169, 170, 171, 172, 173, 174, 175, 176, 177, 178, 179, 180, 182, 183, 184, 187, 188, 189, 190, 194, 195, 196, 197, 198, 199, 203, 224, 225, 226, 227, 228, 229, 230, 231, 232, 233, 237, 239, 248, 249, 250, 251, 252, 253, 254, 255, 256, 257, 258, 259, 260, 262, 263, 264, 265, 266, 267, 268, 269, 270, 271, 272, 276, 309, 313, 314, 315, 316, 317, 318, 319, 320, 321, 322, 323, 324, 325, 326, 327, 330, 331, 332, 333, 334, 335, 336, 337, 362, 363, 372, 373, 374, 375, 376, 381, 386, 395, 400, 401, 402, 409, 410, 411, 412, 416, 420, 424, 428, 437, 441, 442, 443, 444, 445, 446, 450, 451, 452, 453, 454, 455, 471, 494, 499, 500, 510, 511, 512, 513, 514, 515, 516, 517, 518, 520, 524], "excluded_lines": [], "functions": {"WireMessage.ok": {"executed_lines": [], "summary": {"covered_lines": 0, "num_statements": 1, "percent_covered": 0.0, "percent_covered_display": "0", "missing_lines": 1, "excluded_lines": 0, "percent_statements_covered": 0.0, "percent_statements_covered_display": "0"}, "missing_lines": [82], "excluded_lines": [], "start_line": 80}, "WireMessage.message": {"executed_lines": [], "summary": {"covered_lines": 0, "num_statements": 1, "percent_covered": 0.0, "percent_covered_display": "0", "missing_lines": 1, "excluded_lines": 0, "percent_statements_covered": 0.0, "percent_statements_covered_display": "0"}, "missing_lines": [87], "excluded_lines": [], "start_line": 85}, "WireMessage.session_id": {"executed_lines": [], "summary": {"covered_lines": 0, "num_statements": 1, "percent_covered": 0.0, "percent_covered_display": "0", "missing_lines": 1, "excluded_lines": 0, "percent_statements_covered": 0.0, "percent_statements_covered_display": "0"}, "missing_lines": [92], "excluded_lines": [], "start_line": 90}, "WireMessage.stdout": {"executed_lines": [], "summary": {"covered_lines": 0, "num_statements": 1, "percent_covered": 0.0, "percent_covered_display": "0", "missing_lines": 1, "excluded_lines": 0, "percent_statements_covered": 0.0, "percent_statements_covered_display": "0"}, "missing_lines": [97], "excluded_lines": [], "start_line": 95}, "WireMessage.stderr": {"executed_lines": [], "summary": {"covered_lines": 0, "num_statements": 1, "percent_covered": 0.0, "percent_covered_display": "0", "missing_lines": 1, "excluded_lines": 0, "percent_statements_covered": 0.0, "percent_statements_covered_display": "0"}, "missing_lines": [102], "excluded_lines": [], "start_line": 100}, "WireMessage.exit_code": {"executed_lines": [], "summary": {"covered_lines": 0, "num_statements": 1, "percent_covered": 0.0, "percent_covered_display": "0", "missing_lines": 1, "excluded_lines": 0, "percent_statements_covered": 0.0, "percent_statements_covered_display": "0"}, "missing_lines": [107], "excluded_lines": [], "start_line": 105}, "WireMessage.wire_version": {"executed_lines": [], "summary": {"covered_lines": 0, "num_statements": 1, "percent_covered": 0.0, "percent_covered_display": "0", "missing_lines": 1, "excluded_lines": 0, "percent_statements_covered": 0.0, "percent_statements_covered_display": "0"}, "missing_lines": [112], "excluded_lines": [], "start_line": 110}, "WireMessage.request_id": {"executed_lines": [], "summary": {"covered_lines": 0, "num_statements": 1, "percent_covered": 0.0, "percent_covered_display": "0", "missing_lines": 1, "excluded_lines": 0, "percent_statements_covered": 0.0, "percent_statements_covered_display": "0"}, "missing_lines": [117], "excluded_lines": [], "start_line": 115}, "WireMessage.cursor": {"executed_lines": [], "summary": {"covered_lines": 0, "num_statements": 1, "percent_covered": 0.0, "percent_covered_display": "0", "missing_lines": 1, "excluded_lines": 0, "percent_statements_covered": 0.0, "percent_statements_covered_display": "0"}, "missing_lines": [122], "excluded_lines": [], "start_line": 120}, "encode_line": {"executed_lines": [], "summary": {"covered_lines": 0, "num_statements": 1, "percent_covered": 0.0, "percent_covered_display": "0", "missing_lines": 1, "excluded_lines": 0, "percent_statements_covered": 0.0, "percent_statements_covered_display": "0"}, "missing_lines": [130], "excluded_lines": [], "start_line": 128}, "decode_line": {"executed_lines": [], "summary": {"covered_lines": 0, "num_statements": 27, "percent_covered": 0.0, "percent_covered_display": "0", "missing_lines": 27, "excluded_lines": 0, "percent_statements_covered": 0.0, "percent_statements_covered_display": "0"}, "missing_lines": [168, 169, 170, 171, 172, 173, 174, 175, 176, 177, 178, 179, 180, 182, 183, 184, 187, 188, 189, 190, 194, 195, 196, 197, 198, 199, 203], "excluded_lines": [], "start_line": 151}, "encode_request": {"executed_lines": [], "summary": {"covered_lines": 0, "num_statements": 12, "percent_covered": 0.0, "percent_covered_display": "0", "missing_lines": 12, "excluded_lines": 0, "percent_statements_covered": 0.0, "percent_statements_covered_display": "0"}, "missing_lines": [224, 225, 226, 227, 228, 229, 230, 231, 232, 233, 237, 239], "excluded_lines": [], "start_line": 217}, "decode_request": {"executed_lines": [], "summary": {"covered_lines": 0, "num_statements": 25, "percent_covered": 0.0, "percent_covered_display": "0", "missing_lines": 25, "excluded_lines": 0, "percent_statements_covered": 0.0, "percent_statements_covered_display": "0"}, "missing_lines": [248, 249, 250, 251, 252, 253, 254, 255, 256, 257, 258, 259, 260, 262, 263, 264, 265, 266, 267, 268, 269, 270, 271, 272, 276], "excluded_lines": [], "start_line": 242}, "make_request": {"executed_lines": [], "summary": {"covered_lines": 0, "num_statements": 24, "percent_covered": 0.0, "percent_covered_display": "0", "missing_lines": 24, "excluded_lines": 0, "percent_statements_covered": 0.0, "percent_statements_covered_display": "0"}, "missing_lines": [309, 313, 314, 315, 316, 317, 318, 319, 320, 321, 322, 323, 324, 325, 326, 327, 330, 331, 332, 333, 334, 335, 336, 337], "excluded_lines": [], "start_line": 282}, "make_stream_request": {"executed_lines": [], "summary": {"covered_lines": 0, "num_statements": 7, "percent_covered": 0.0, "percent_covered_display": "0", "missing_lines": 7, "excluded_lines": 0, "percent_statements_covered": 0.0, "percent_statements_covered_display": "0"}, "missing_lines": [362, 363, 372, 373, 374, 375, 376], "excluded_lines": [], "start_line": 340}, "make_ping": {"executed_lines": [], "summary": {"covered_lines": 0, "num_statements": 1, "percent_covered": 0.0, "percent_covered_display": "0", "missing_lines": 1, "excluded_lines": 0, "percent_statements_covered": 0.0, "percent_statements_covered_display": "0"}, "missing_lines": [381], "excluded_lines": [], "start_line": 379}, "make_capabilities_request": {"executed_lines": [], "summary": {"covered_lines": 0, "num_statements": 1, "percent_covered": 0.0, "percent_covered_display": "0", "missing_lines": 1, "excluded_lines": 0, "percent_statements_covered": 0.0, "percent_statements_covered_display": "0"}, "missing_lines": [386], "excluded_lines": [], "start_line": 384}, "make_mailbox_request": {"executed_lines": [], "summary": {"covered_lines": 0, "num_statements": 4, "percent_covered": 0.0, "percent_covered_display": "0", "missing_lines": 4, "excluded_lines": 0, "percent_statements_covered": 0.0, "percent_statements_covered_display": "0"}, "missing_lines": [395, 400, 401, 402], "excluded_lines": [], "start_line": 388}, "make_ready": {"executed_lines": [], "summary": {"covered_lines": 0, "num_statements": 4, "percent_covered": 0.0, "percent_covered_display": "0", "missing_lines": 4, "excluded_lines": 0, "percent_statements_covered": 0.0, "percent_statements_covered_display": "0"}, "missing_lines": [409, 410, 411, 412], "excluded_lines": [], "start_line": 408}, "make_accepted": {"executed_lines": [], "summary": {"covered_lines": 0, "num_statements": 1, "percent_covered": 0.0, "percent_covered_display": "0", "missing_lines": 1, "excluded_lines": 0, "percent_statements_covered": 0.0, "percent_statements_covered_display": "0"}, "missing_lines": [416], "excluded_lines": [], "start_line": 415}, "make_session": {"executed_lines": [], "summary": {"covered_lines": 0, "num_statements": 1, "percent_covered": 0.0, "percent_covered_display": "0", "missing_lines": 1, "excluded_lines": 0, "percent_statements_covered": 0.0, "percent_statements_covered_display": "0"}, "missing_lines": [420], "excluded_lines": [], "start_line": 419}, "make_result": {"executed_lines": [], "summary": {"covered_lines": 0, "num_statements": 1, "percent_covered": 0.0, "percent_covered_display": "0", "missing_lines": 1, "excluded_lines": 0, "percent_statements_covered": 0.0, "percent_statements_covered_display": "0"}, "missing_lines": [424], "excluded_lines": [], "start_line": 423}, "make_error": {"executed_lines": [], "summary": {"covered_lines": 0, "num_statements": 1, "percent_covered": 0.0, "percent_covered_display": "0", "missing_lines": 1, "excluded_lines": 0, "percent_statements_covered": 0.0, "percent_statements_covered_display": "0"}, "missing_lines": [428], "excluded_lines": [], "start_line": 427}, "make_mailbox_result": {"executed_lines": [], "summary": {"covered_lines": 0, "num_statements": 1, "percent_covered": 0.0, "percent_covered_display": "0", "missing_lines": 1, "excluded_lines": 0, "percent_statements_covered": 0.0, "percent_statements_covered_display": "0"}, "missing_lines": [437], "excluded_lines": [], "start_line": 430}, "make_pong": {"executed_lines": [], "summary": {"covered_lines": 0, "num_statements": 6, "percent_covered": 0.0, "percent_covered_display": "0", "missing_lines": 6, "excluded_lines": 0, "percent_statements_covered": 0.0, "percent_statements_covered_display": "0"}, "missing_lines": [441, 442, 443, 444, 445, 446], "excluded_lines": [], "start_line": 440}, "make_capabilities": {"executed_lines": [], "summary": {"covered_lines": 0, "num_statements": 6, "percent_covered": 0.0, "percent_covered_display": "0", "missing_lines": 6, "excluded_lines": 0, "percent_statements_covered": 0.0, "percent_statements_covered_display": "0"}, "missing_lines": [450, 451, 452, 453, 454, 455], "excluded_lines": [], "start_line": 449}, "make_stream_event": {"executed_lines": [], "summary": {"covered_lines": 0, "num_statements": 1, "percent_covered": 0.0, "percent_covered_display": "0", "missing_lines": 1, "excluded_lines": 0, "percent_statements_covered": 0.0, "percent_statements_covered_display": "0"}, "missing_lines": [471], "excluded_lines": [], "start_line": 458}, "make_composite_cursor": {"executed_lines": [], "summary": {"covered_lines": 0, "num_statements": 3, "percent_covered": 0.0, "percent_covered_display": "0", "missing_lines": 3, "excluded_lines": 0, "percent_statements_covered": 0.0, "percent_statements_covered_display": "0"}, "missing_lines": [494, 499, 500], "excluded_lines": [], "start_line": 488}, "split_composite_cursor": {"executed_lines": [], "summary": {"covered_lines": 0, "num_statements": 11, "percent_covered": 0.0, "percent_covered_display": "0", "missing_lines": 11, "excluded_lines": 0, "percent_statements_covered": 0.0, "percent_statements_covered_display": "0"}, "missing_lines": [510, 511, 512, 513, 514, 515, 516, 517, 518, 520, 524], "excluded_lines": [], "start_line": 503}, "": {"executed_lines": [19, 21, 22, 23, 24, 26, 31, 34, 35, 36, 37, 38, 39, 40, 41, 42, 44, 45, 46, 52, 60, 63, 64, 65, 66, 67, 70, 71, 74, 75, 79, 80, 84, 85, 89, 90, 94, 95, 99, 100, 104, 105, 109, 110, 114, 115, 119, 120, 128, 134, 151, 208, 217, 242, 282, 340, 379, 384, 388, 408, 415, 419, 423, 427, 430, 440, 449, 458, 482, 483, 485, 488, 503], "summary": {"covered_lines": 73, "num_statements": 73, "percent_covered": 100.0, "percent_covered_display": "100", "missing_lines": 0, "excluded_lines": 0, "percent_statements_covered": 100.0, "percent_statements_covered_display": "100"}, "missing_lines": [], "excluded_lines": [], "start_line": 1}}, "classes": {"WireMessage": {"executed_lines": [], "summary": {"covered_lines": 0, "num_statements": 9, "percent_covered": 0.0, "percent_covered_display": "0", "missing_lines": 9, "excluded_lines": 0, "percent_statements_covered": 0.0, "percent_statements_covered_display": "0"}, "missing_lines": [82, 87, 92, 97, 102, 107, 112, 117, 122], "excluded_lines": [], "start_line": 71}, "": {"executed_lines": [19, 21, 22, 23, 24, 26, 31, 34, 35, 36, 37, 38, 39, 40, 41, 42, 44, 45, 46, 52, 60, 63, 64, 65, 66, 67, 70, 71, 74, 75, 79, 80, 84, 85, 89, 90, 94, 95, 99, 100, 104, 105, 109, 110, 114, 115, 119, 120, 128, 134, 151, 208, 217, 242, 282, 340, 379, 384, 388, 408, 415, 419, 423, 427, 430, 440, 449, 458, 482, 483, 485, 488, 503], "summary": {"covered_lines": 73, "num_statements": 211, "percent_covered": 34.59715639810427, "percent_covered_display": "35", "missing_lines": 138, "excluded_lines": 0, "percent_statements_covered": 34.59715639810427, "percent_statements_covered_display": "35"}, "missing_lines": [130, 168, 169, 170, 171, 172, 173, 174, 175, 176, 177, 178, 179, 180, 182, 183, 184, 187, 188, 189, 190, 194, 195, 196, 197, 198, 199, 203, 224, 225, 226, 227, 228, 229, 230, 231, 232, 233, 237, 239, 248, 249, 250, 251, 252, 253, 254, 255, 256, 257, 258, 259, 260, 262, 263, 264, 265, 266, 267, 268, 269, 270, 271, 272, 276, 309, 313, 314, 315, 316, 317, 318, 319, 320, 321, 322, 323, 324, 325, 326, 327, 330, 331, 332, 333, 334, 335, 336, 337, 362, 363, 372, 373, 374, 375, 376, 381, 386, 395, 400, 401, 402, 409, 410, 411, 412, 416, 420, 424, 428, 437, 441, 442, 443, 444, 445, 446, 450, 451, 452, 453, 454, 455, 471, 494, 499, 500, 510, 511, 512, 513, 514, 515, 516, 517, 518, 520, 524], "excluded_lines": [], "start_line": 1}}}}, "totals": {"covered_lines": 3084, "num_statements": 14028, "percent_covered": 21.984602224123183, "percent_covered_display": "22", "missing_lines": 10944, "excluded_lines": 13, "percent_statements_covered": 21.984602224123183, "percent_statements_covered_display": "22"}}